[Licensing::Module] Trying to connect to existing licensing client channel...
Built from '6000.4/staging' branch; Version is '6000.4.8f1 (f8b72d3d7343) revision 16299821'; Using compiler version '194234433'; Build Type 'Release'
[Licensing::IpcConnector] Successfully connected to: "LicenseClient-ě‹¬ëŹ„ě§„" at "2026-05-23T02:45:38.6020927Z"
OS: 'Windows 11  (10.0.26200) Professional' Language: 'ko' Physical Memory: 65345 MB
BatchMode: 1, IsHumanControllingUs: 0, StartBugReporterOnCrash: 0, Is64bit: 1
System  architecture: x64
Process architecture: x64
Date: 2026-05-23T02:45:38Z

COMMAND LINE ARGUMENTS:
C:\Program Files\Unity\Hub\Editor\6000.4.8f1\Editor\Unity.exe
-adb2
-batchMode
-noUpm
-name
AssetImportWorker0
-projectPath
G:/hell/assets/vfx_impact/_unity_preview
-logFile
Logs/AssetImportWorker0.log
-srvPort
61157
-force-d3d12
-job-worker-count
15
-background-job-worker-count
8
-gc-helper-count
1
-name
AssetImport
Successfully changed project path to: G:/hell/assets/vfx_impact/_unity_preview
G:/hell/assets/vfx_impact/_unity_preview
[UnityMemory] Configuration Parameters - Can be set up in boot.config
    "memorysetup-temp-allocator-size-gi-baking-worker=262144"
    "memorysetup-temp-allocator-size-gi-baking-worker=262144"
    "memorysetup-temp-allocator-size-gi-baking-worker=262144"
    "memorysetup-temp-allocator-size-gi-baking-worker=262144"
    "memorysetup-temp-allocator-size-gi-baking-worker=262144"
    "memorysetup-temp-allocator-size-nav-mesh-worker=65536"
    "memorysetup-temp-allocator-size-audio-worker=65536"
    "memorysetup-temp-allocator-size-cloud-worker=32768"
    "memorysetup-temp-allocator-size-gfx=262144"
    "memorysetup-temp-allocator-size-preload-manager=33554432"
    "memorysetup-temp-allocator-size-job-worker=262144"
    "memorysetup-temp-allocator-size-background-worker=32768"
    "memorysetup-allocator-temp-initial-block-size-main=262144"
    "memorysetup-allocator-temp-initial-block-size-worker=262144"
    "memorysetup-bucket-allocator-granularity=16"
    "memorysetup-bucket-allocator-bucket-count=8"
    "memorysetup-bucket-allocator-block-size=33554432"
    "memorysetup-bucket-allocator-block-count=8"
    "memorysetup-main-allocator-block-size=16777216"
    "memorysetup-thread-allocator-block-size=16777216"
    "memorysetup-gfx-main-allocator-block-size=16777216"
    "memorysetup-gfx-thread-allocator-block-size=16777216"
    "memorysetup-cache-allocator-block-size=4194304"
    "memorysetup-typetree-allocator-block-size=2097152"
    "memorysetup-profiler-bucket-allocator-granularity=16"
    "memorysetup-profiler-bucket-allocator-bucket-count=8"
    "memorysetup-profiler-bucket-allocator-block-size=33554432"
    "memorysetup-profiler-bucket-allocator-block-count=8"
    "memorysetup-profiler-allocator-block-size=16777216"
    "memorysetup-profiler-editor-allocator-block-size=1048576"
    "memorysetup-temp-allocator-size-main=16777216"
    "memorysetup-job-temp-allocator-block-size=2097152"
    "memorysetup-job-temp-allocator-block-size-background=1048576"
    "memorysetup-job-temp-allocator-reduction-small-platforms=262144"
Player connection [46884]  Target information:

Player connection [46884]  * "[IP] 192.168.0.146 [Port] 0 [Flags] 2 [Guid] 378428187 [EditorId] 378428187 [Version] 1048832 [Id] WindowsEditor(7,DESKTOP-R2F12NG) [Debug] 1 [PackageName] WindowsEditor [ProjectName] Editor" 

Player connection [46884]  * "[IP] 192.168.79.1 [Port] 0 [Flags] 2 [Guid] 378428187 [EditorId] 378428187 [Version] 1048832 [Id] WindowsEditor(7,DESKTOP-R2F12NG) [Debug] 1 [PackageName] WindowsEditor [ProjectName] Editor" 

Player connection [46884]  * "[IP] 192.168.12.1 [Port] 0 [Flags] 2 [Guid] 378428187 [EditorId] 378428187 [Version] 1048832 [Id] WindowsEditor(7,DESKTOP-R2F12NG) [Debug] 1 [PackageName] WindowsEditor [ProjectName] Editor" 

Player connection [46884] Host joined multi-casting on [225.0.0.222:54997]...
Player connection [46884] Host joined alternative multi-casting on [225.0.0.222:34997]...
JobSystem: Creating JobQueue using job-worker-count value 15
Input System module state changed to: Initialized.
[Physics::Module] Initialized fallback backend.
[Physics::Module] Id: 0xdecafbad
Library Redirect Path: Library/
[Physics::Module] Selected backend.
[Physics::Module] Name: PhysX
[Physics::Module] Id: 0xf2b8ea05
[Physics::Module] SDK Version: 4.1.2
[Physics::Module] Integration Version: 1.0.0
[Physics::Module] Threading Mode: Multi-Threaded
Initialize engine version: 6000.4.8f1 (f8b72d3d7343)
[Subsystems] Discovering subsystems at path C:/Program Files/Unity/Hub/Editor/6000.4.8f1/Editor/Data/Resources/UnitySubsystems
[Subsystems] Discovering subsystems at path G:/hell/assets/vfx_impact/_unity_preview/Assets
Forcing GfxDevice: Direct3D 12
GfxDevice: creating device client; kGfxThreadingModeNonThreaded
d3d12: failed to query info queue interface (0x80004002).
Direct3D:
    Version:         Direct3D 12 [level 12.2]
    Renderer:        AMD Radeon RX 9070 XT (ID=0x7550)
    Vendor:          ATI
    VRAM:            16188 MB
    App VRAM Budget: 15416 MB
    Driver:          32.0.31007.5012
Initialize mono
Mono path[0] = 'C:/Program Files/Unity/Hub/Editor/6000.4.8f1/Editor/Data/Managed'
Mono path[1] = 'C:/Program Files/Unity/Hub/Editor/6000.4.8f1/Editor/Data/MonoBleedingEdge/lib/mono/unityjit-win32'
Mono config path = 'C:/Program Files/Unity/Hub/Editor/6000.4.8f1/Editor/Data/MonoBleedingEdge/etc'
Using monoOptions --debugger-agent=transport=dt_socket,embedding=1,server=y,suspend=n,address=127.0.0.1:56824
CodeReloadManager initialized
Begin MonoManager ReloadAssembly
Registering precompiled unity dll's ...
Register platform support module: C:/Program Files/Unity/Hub/Editor/6000.4.8f1/Editor/Data/PlaybackEngines/WebGLSupport/UnityEditor.WebGL.Extensions.dll
Register platform support module: C:/Program Files/Unity/Hub/Editor/6000.4.8f1/Editor/Data/PlaybackEngines/WindowsStandaloneSupport/UnityEditor.WindowsStandalone.Extensions.dll
Registered in 0.003560 seconds.
Native extension for WindowsStandalone target not found
Native extension for WebGL target not found
Package Manager log level set to [2]
[Package Manager] Failed to launch server process. Reason: Unity was launched with the -noUpm command-line argument
[Package Manager] Unable to send message (not connected to server process).
[Package Manager] Cannot connect to Unity Package Manager local server
[Licensing::Client] Error: HandshakeResponse reported an error:
	ResponseCode: 505
	ResponseStatus: Unsupported protocol version '1.18.1'.
[Licensing::Module] Error: Failed to handshake to channel: "LicenseClient-ě‹¬ëŹ„ě§„"
[Licensing::IpcConnector] LicenseClient-ě‹¬ëŹ„ě§„ channel disconnected successfully.
[Licensing::IpcConnector] Successfully connected to: "LicenseClient-ě‹¬ëŹ„ě§„-6000.4.8" at "2026-05-23T02:45:39.8735469Z"
[Licensing::Client] Code 10 while verifying Licensing Client signature (process Id: 38260, path: "C:/Program Files/Unity/Hub/Editor/6000.4.8f1/Editor/Data/Resources/Licensing/Client/Unity.Licensing.Client.exe")
[Licensing::Module] LicensingClient has failed validation; ignoring
[Licensing::Client] Handshaking with LicensingClient:
  Version:                 1.18.1+9fbee8e
  Session Id:              dfb72dd560d542108cc197eb40b4efcf
  Correlation Id:          57eb5923fbd15198d0f532121303c1dd
  External correlation Id: 5322480683449129946
  Machine Id:              jyS+85x8cRWB1xbIp+nfp4tj7nk=
[Licensing::Module] Successfully connected to LicensingClient on channel: "LicenseClient-ě‹¬ëŹ„ě§„-6000.4.8" (connect: 0.00s, validation: 0.00s, handshake: 0.01s)
[Licensing::IpcConnector] Successfully connected to: "LicenseClient-ě‹¬ëŹ„ě§„-6000.4.8-notifications" at "2026-05-23T02:45:39.8817948Z"
[Licensing::Module] Licensing Background thread has ended after 1.28s
ScheduleIndexationOnStartup MainProcess:False IndexOnStartup:True
Mono: successfully reloaded assembly
- Finished resetting the current domain, in  0.289 seconds
Domain Reload Profiling: 701ms
	BeginReloadAssembly (136ms)
	RebuildCommonClasses (30ms)
	RebuildNativeTypeToScriptingClass (10ms)
	initialDomainReloadingComplete (74ms)
	LoadAllAssembliesAndSetupDomain (162ms)
		LoadAssemblies (132ms)
		AnalyzeDomain (154ms)
			TypeCache.Refresh (153ms)
				TypeCache.ScanAssembly (143ms)
	FinalizeReload (290ms)
		SetupLoadedEditorAssemblies (0ms)
			InitializePlatformSupportModulesInManaged (38ms)
			BeforeProcessingInitializeOnLoad (62ms)
			ProcessInitializeOnLoadAttributes (82ms)
			ProcessInitializeOnLoadMethodAttributes (64ms)
========================================================================
Worker process is ready to serve import requests
Import Worker Mode flag is 0x00
Begin MonoManager ReloadAssembly
[Licensing::Client] Successfully resolved entitlement details
[Licensing::Module] License group:
  Id: 14569722982794-UnityPersXXXX
  Product: Unity Personal
  Type: Assigned
  Expiration: Unlimited
Assembly Assembly-CSharp-Editor-firstpass.dll at Library/ScriptAssemblies/Assembly-CSharp-Editor-firstpass.dll not valid. Loading of assembly skipped.
Assembly Assembly-CSharp-Editor.dll at Library/ScriptAssemblies/Assembly-CSharp-Editor.dll not valid. Loading of assembly skipped.
Assembly Assembly-CSharp-firstpass.dll at Library/ScriptAssemblies/Assembly-CSharp-firstpass.dll not valid. Loading of assembly skipped.
Assembly Assembly-CSharp.dll at Library/ScriptAssemblies/Assembly-CSharp.dll not valid. Loading of assembly skipped.
Assembly Unity.Multiplayer.Center.Editor.Tests.dll at Library/ScriptAssemblies/Unity.Multiplayer.Center.Editor.Tests.dll not valid. Loading of assembly skipped.
Assembly Unity.Multiplayer.Center.Tests.dll at Library/ScriptAssemblies/Unity.Multiplayer.Center.Tests.dll not valid. Loading of assembly skipped.
Native extension for WindowsStandalone target not found
Native extension for WebGL target not found
[Package Manager] Failed to launch server process. Reason: Unity was launched with the -noUpm command-line argument
[Package Manager] Unable to send message (not connected to server process).
[Package Manager] Cannot connect to Unity Package Manager local server
ScheduleIndexationOnStartup MainProcess:False IndexOnStartup:True
Mono: successfully reloaded assembly
- Finished resetting the current domain, in  0.245 seconds
Domain Reload Profiling: 500ms
	BeginReloadAssembly (163ms)
		DisableScriptedObjects (4ms)
		CreateAndSetChildDomain (20ms)
	RebuildCommonClasses (27ms)
	RebuildNativeTypeToScriptingClass (9ms)
	initialDomainReloadingComplete (43ms)
	LoadAllAssembliesAndSetupDomain (12ms)
		LoadAssemblies (107ms)
		AnalyzeDomain (6ms)
			TypeCache.Refresh (4ms)
	FinalizeReload (246ms)
		SetupLoadedEditorAssemblies (0ms)
			BeforeProcessingInitializeOnLoad (69ms)
			ProcessInitializeOnLoadAttributes (56ms)
			ProcessInitializeOnLoadMethodAttributes (27ms)
			AfterProcessingInitializeOnLoad (7ms)
		AwakeInstancesAfterBackupRestoration (9ms)
Launched and connected shader compiler UnityShaderCompiler.exe after 0.01 seconds
Unloading 0 Unused Serialized files (Serialized files now loaded: 0)
Unloading 67 unused Assets / (30.3 KB). Loaded Objects now: 673.
Memory consumption went from 67.6 MB to 67.6 MB.
Total: 2.257800 ms (FindLiveObjects: 0.028300 ms CreateObjectMapping: 0.005400 ms MarkObjects: 2.167400 ms  DeleteObjects: 0.055500 ms)

========================================================================
Received Import Request.
  Time since last request: 159250.466077 seconds.
  path: Assets/Ultimate Impact Fx/Resources/Prefabs/Power_Impact_Dark_02.prefab
  importAddress: Guid(b2d391588926fb845b3da80fce1a9aa9) Importer(815301076,1909f56bfc062723c751e8b465ee728b)
Start importing Assets/Ultimate Impact Fx/Resources/Prefabs/Power_Impact_Dark_02.prefab using Guid(b2d391588926fb845b3da80fce1a9aa9) Importer(815301076,1909f56bfc062723c751e8b465ee728b) (PreviewImporter) -> (Import Result ID: '2341af8365daa8f96308719bedee7e60') in 0.0759102 seconds [static and dynamic dependencies]. Details - ImportResultOutputID=8fd77751934795da539df46d087039ba DependenciesID=1a844cb10262387bbde3a9b21c26c68b StaticDependenciesID=4fd98a11da664e9b61a1e31097022ec5 
Number of updated asset objects reloaded before import = 0Number of asset objects unloaded after import = 37

========================================================================
Received Import Request.
  Time since last request: 1.353645 seconds.
  path: Assets/Ultimate Impact Fx/Resources/Prefabs/Power_Impact_Ice_02.prefab
  importAddress: Guid(4990e07d27a754349abf8832f6a014ca) Importer(815301076,1909f56bfc062723c751e8b465ee728b)
Start importing Assets/Ultimate Impact Fx/Resources/Prefabs/Power_Impact_Ice_02.prefab using Guid(4990e07d27a754349abf8832f6a014ca) Importer(815301076,1909f56bfc062723c751e8b465ee728b) (PreviewImporter) -> (Import Result ID: '5b5ac0d6b7930e27d632c22ad2d3e6d5') in 0.0134075 seconds [static and dynamic dependencies]. Details - ImportResultOutputID=79a0b328468acc2959a96e87e0665703 DependenciesID=7b475ec5c93233cb4320b453eed03cae StaticDependenciesID=a1e53ae1163fe685c4b25c47366aa7a2 
Number of updated asset objects reloaded before import = 0Number of asset objects unloaded after import = 37

========================================================================
Received Import Request.
  Time since last request: 0.551317 seconds.
  path: Assets/Ultimate Impact Fx/Resources/Prefabs/Power_Impact_Lightning_02.prefab
  importAddress: Guid(11b4975a2f7b58f409e32183706de1b2) Importer(815301076,1909f56bfc062723c751e8b465ee728b)
Start importing Assets/Ultimate Impact Fx/Resources/Prefabs/Power_Impact_Lightning_02.prefab using Guid(11b4975a2f7b58f409e32183706de1b2) Importer(815301076,1909f56bfc062723c751e8b465ee728b) (PreviewImporter) -> (Import Result ID: 'c450da955cd3dc38b97059e57b0f1db1') in 0.0194339 seconds [static and dynamic dependencies]. Details - ImportResultOutputID=db135d3279a45cc52f1ed8f162362828 DependenciesID=1693c137e6ed021f74cadb810dda48a9 StaticDependenciesID=1aa78740f6f0aa272be42f151983165f 
Number of updated asset objects reloaded before import = 0Number of asset objects unloaded after import = 41

========================================================================
Received Import Request.
  Time since last request: 10.702863 seconds.
  path: Assets/Ultimate Impact Fx/Scenes
  importAddress: Guid(6da7f538c0a0f754b998d7a4013bcaa5) Importer(815301076,1909f56bfc062723c751e8b465ee728b)
Start importing Assets/Ultimate Impact Fx/Scenes using Guid(6da7f538c0a0f754b998d7a4013bcaa5) Importer(815301076,1909f56bfc062723c751e8b465ee728b) (PreviewImporter) -> (Import Result ID: '63c6c36fd36071bac662b54bc146abf3') in 0.0003253 seconds [static and dynamic dependencies]. Details - ImportResultOutputID=080d2cc0722197deb7a4399ce7d053ad DependenciesID=5f377d2bb77cb97f13e4c104b90dbf10 StaticDependenciesID=9df411c0fa11a2f8e7aef9d9648b3f86 
Number of updated asset objects reloaded before import = 0Number of asset objects unloaded after import = 0

========================================================================
Received Import Request.
  Time since last request: 1.368973 seconds.
  path: Assets/Ultimate Impact Fx/Scenes/Demo.unity
  importAddress: Guid(724f3d810df707c4eb7433bafe652f1b) Importer(815301076,1909f56bfc062723c751e8b465ee728b)
Start importing Assets/Ultimate Impact Fx/Scenes/Demo.unity using Guid(724f3d810df707c4eb7433bafe652f1b) Importer(815301076,1909f56bfc062723c751e8b465ee728b) (PreviewImporter) -> (Import Result ID: '71859f83bb9a1f6174c03f76f62ac5d1') in 0.0003103 seconds [static and dynamic dependencies]. Details - ImportResultOutputID=8afefe118cc47e953ef3862f71a323e0 DependenciesID=90e346f4c2aee057b20bb32719c495d4 StaticDependenciesID=57af9af11be1336eaa409ddf8e34b9c5 
Number of updated asset objects reloaded before import = 0Number of asset objects unloaded after import = 0

AssetImportWorkerClient::OnTransportError - code=10054 error=ÇöŔç ż¬°áŔş żř°Ý ČŁ˝şĆ®żˇ ŔÇÇŘ °­Á¦·Î ˛÷°ĺ˝Ŕ´Ď´Ů.
