[Licensing::Module] Trying to connect to existing licensing client channel...
[Licensing::IpcConnector] Successfully connected to: "LicenseClient-심도진" at "2026-05-22T11:30:32.9693853Z"
Built from '6000.4/staging' branch; Version is '6000.4.8f1 (f8b72d3d7343) revision 16299821'; Using compiler version '194234433'; Build Type 'Release'
OS: 'Windows 11  (10.0.26200) Professional' Language: 'ko' Physical Memory: 65345 MB
BatchMode: 1, IsHumanControllingUs: 0, StartBugReporterOnCrash: 0, Is64bit: 1
System  architecture: x64
Process architecture: x64
Date: 2026-05-22T11:30:32Z

COMMAND LINE ARGUMENTS:
C:\Program Files\Unity\Hub\Editor\6000.4.8f1\Editor\Unity.exe
-adb2
-batchMode
-noUpm
-name
AssetImportWorker2
-projectPath
G:/hell/assets/vfx_impact/_unity_preview
-logFile
Logs/AssetImportWorker2.log
-srvPort
63838
-force-d3d12
-job-worker-count
15
-background-job-worker-count
8
-gc-helper-count
1
-name
AssetImport
Successfully changed project path to: G:/hell/assets/vfx_impact/_unity_preview
G:/hell/assets/vfx_impact/_unity_preview
[UnityMemory] Configuration Parameters - Can be set up in boot.config
    "memorysetup-temp-allocator-size-gi-baking-worker=262144"
    "memorysetup-temp-allocator-size-gi-baking-worker=262144"
    "memorysetup-temp-allocator-size-gi-baking-worker=262144"
    "memorysetup-temp-allocator-size-gi-baking-worker=262144"
    "memorysetup-temp-allocator-size-gi-baking-worker=262144"
    "memorysetup-temp-allocator-size-nav-mesh-worker=65536"
    "memorysetup-temp-allocator-size-audio-worker=65536"
    "memorysetup-temp-allocator-size-cloud-worker=32768"
    "memorysetup-temp-allocator-size-gfx=262144"
    "memorysetup-temp-allocator-size-preload-manager=33554432"
    "memorysetup-temp-allocator-size-job-worker=262144"
    "memorysetup-temp-allocator-size-background-worker=32768"
    "memorysetup-allocator-temp-initial-block-size-main=262144"
    "memorysetup-allocator-temp-initial-block-size-worker=262144"
    "memorysetup-bucket-allocator-granularity=16"
    "memorysetup-bucket-allocator-bucket-count=8"
    "memorysetup-bucket-allocator-block-size=33554432"
    "memorysetup-bucket-allocator-block-count=8"
    "memorysetup-main-allocator-block-size=16777216"
    "memorysetup-thread-allocator-block-size=16777216"
    "memorysetup-gfx-main-allocator-block-size=16777216"
    "memorysetup-gfx-thread-allocator-block-size=16777216"
    "memorysetup-cache-allocator-block-size=4194304"
    "memorysetup-typetree-allocator-block-size=2097152"
    "memorysetup-profiler-bucket-allocator-granularity=16"
    "memorysetup-profiler-bucket-allocator-bucket-count=8"
    "memorysetup-profiler-bucket-allocator-block-size=33554432"
    "memorysetup-profiler-bucket-allocator-block-count=8"
    "memorysetup-profiler-allocator-block-size=16777216"
    "memorysetup-profiler-editor-allocator-block-size=1048576"
    "memorysetup-temp-allocator-size-main=16777216"
    "memorysetup-job-temp-allocator-block-size=2097152"
    "memorysetup-job-temp-allocator-block-size-background=1048576"
    "memorysetup-job-temp-allocator-reduction-small-platforms=262144"
Player connection [39988]  Target information:

Player connection [39988]  * "[IP] 192.168.0.146 [Port] 0 [Flags] 2 [Guid] 1247309653 [EditorId] 1247309653 [Version] 1048832 [Id] WindowsEditor(7,DESKTOP-R2F12NG) [Debug] 1 [PackageName] WindowsEditor [ProjectName] Editor" 

Player connection [39988]  * "[IP] 192.168.79.1 [Port] 0 [Flags] 2 [Guid] 1247309653 [EditorId] 1247309653 [Version] 1048832 [Id] WindowsEditor(7,DESKTOP-R2F12NG) [Debug] 1 [PackageName] WindowsEditor [ProjectName] Editor" 

Player connection [39988]  * "[IP] 192.168.12.1 [Port] 0 [Flags] 2 [Guid] 1247309653 [EditorId] 1247309653 [Version] 1048832 [Id] WindowsEditor(7,DESKTOP-R2F12NG) [Debug] 1 [PackageName] WindowsEditor [ProjectName] Editor" 

Player connection [39988] Host joined multi-casting on [225.0.0.222:54997]...
Player connection [39988] Host joined alternative multi-casting on [225.0.0.222:34997]...
JobSystem: Creating JobQueue using job-worker-count value 15
Input System module state changed to: Initialized.
[Physics::Module] Initialized fallback backend.
[Physics::Module] Id: 0xdecafbad
Library Redirect Path: Library/
[Physics::Module] Selected backend.
[Physics::Module] Name: PhysX
[Physics::Module] Id: 0xf2b8ea05
[Physics::Module] SDK Version: 4.1.2
[Physics::Module] Integration Version: 1.0.0
[Physics::Module] Threading Mode: Multi-Threaded
Initialize engine version: 6000.4.8f1 (f8b72d3d7343)
[Subsystems] Discovering subsystems at path C:/Program Files/Unity/Hub/Editor/6000.4.8f1/Editor/Data/Resources/UnitySubsystems
[Subsystems] Discovering subsystems at path G:/hell/assets/vfx_impact/_unity_preview/Assets
Forcing GfxDevice: Direct3D 12
GfxDevice: creating device client; kGfxThreadingModeNonThreaded
d3d12: failed to query info queue interface (0x80004002).
Direct3D:
    Version:         Direct3D 12 [level 12.2]
    Renderer:        AMD Radeon RX 9070 XT (ID=0x7550)
    Vendor:          ATI
    VRAM:            16188 MB
    App VRAM Budget: 15416 MB
    Driver:          32.0.31007.5012
Initialize mono
Mono path[0] = 'C:/Program Files/Unity/Hub/Editor/6000.4.8f1/Editor/Data/Managed'
Mono path[1] = 'C:/Program Files/Unity/Hub/Editor/6000.4.8f1/Editor/Data/MonoBleedingEdge/lib/mono/unityjit-win32'
Mono config path = 'C:/Program Files/Unity/Hub/Editor/6000.4.8f1/Editor/Data/MonoBleedingEdge/etc'
Using monoOptions --debugger-agent=transport=dt_socket,embedding=1,server=y,suspend=n,address=127.0.0.1:56704
CodeReloadManager initialized
Begin MonoManager ReloadAssembly
[Licensing::Client] Error: HandshakeResponse reported an error:
	ResponseCode: 505
	ResponseStatus: Unsupported protocol version '1.18.1'.
[Licensing::Module] Error: Failed to handshake to channel: "LicenseClient-심도진"
[Licensing::IpcConnector] LicenseClient-심도진 channel disconnected successfully.
[Licensing::IpcConnector] Successfully connected to: "LicenseClient-심도진-6000.4.8" at "2026-05-22T11:30:34.9290484Z"
[Licensing::Client] Code 10 while verifying Licensing Client signature (process Id: 38676, path: "C:/Program Files/Unity/Hub/Editor/6000.4.8f1/Editor/Data/Resources/Licensing/Client/Unity.Licensing.Client.exe")
[Licensing::Module] LicensingClient has failed validation; ignoring
[Licensing::Client] Handshaking with LicensingClient:
  Version:                 1.18.1+9fbee8e
  Session Id:              8b5c49d7675749cca949abf76c4bf83f
  Correlation Id:          0482cfb5e4dd3217c90b0f8b540b775f
  External correlation Id: 4698633013591866819
  Machine Id:              jyS+85x8cRWB1xbIp+nfp4tj7nk=
[Licensing::Module] Successfully connected to LicensingClient on channel: "LicenseClient-심도진-6000.4.8" (connect: 0.00s, validation: 0.01s, handshake: 0.01s)
[Licensing::IpcConnector] Successfully connected to: "LicenseClient-심도진-6000.4.8-notifications" at "2026-05-22T11:30:34.9454606Z"
[Licensing::Module] Licensing Background thread has ended after 1.98s
Registering precompiled unity dll's ...
Register platform support module: C:/Program Files/Unity/Hub/Editor/6000.4.8f1/Editor/Data/PlaybackEngines/WebGLSupport/UnityEditor.WebGL.Extensions.dll
Register platform support module: C:/Program Files/Unity/Hub/Editor/6000.4.8f1/Editor/Data/PlaybackEngines/WindowsStandaloneSupport/UnityEditor.WindowsStandalone.Extensions.dll
Registered in 0.003861 seconds.
Native extension for WindowsStandalone target not found
Native extension for WebGL target not found
Package Manager log level set to [2]
[Package Manager] Failed to launch server process. Reason: Unity was launched with the -noUpm command-line argument
[Package Manager] Unable to send message (not connected to server process).
[Package Manager] Cannot connect to Unity Package Manager local server
ScheduleIndexationOnStartup MainProcess:False IndexOnStartup:True
Mono: successfully reloaded assembly
- Finished resetting the current domain, in  0.369 seconds
Domain Reload Profiling: 988ms
	BeginReloadAssembly (241ms)
	RebuildCommonClasses (36ms)
	RebuildNativeTypeToScriptingClass (9ms)
	initialDomainReloadingComplete (96ms)
	LoadAllAssembliesAndSetupDomain (235ms)
		LoadAssemblies (228ms)
		AnalyzeDomain (226ms)
			TypeCache.Refresh (225ms)
				TypeCache.ScanAssembly (214ms)
	FinalizeReload (370ms)
		SetupLoadedEditorAssemblies (0ms)
			InitializePlatformSupportModulesInManaged (52ms)
			BeforeProcessingInitializeOnLoad (88ms)
			ProcessInitializeOnLoadAttributes (91ms)
			ProcessInitializeOnLoadMethodAttributes (82ms)
========================================================================
Worker process is ready to serve import requests
Import Worker Mode flag is 0x00
Begin MonoManager ReloadAssembly
[Licensing::Client] Successfully resolved entitlement details
[Licensing::Module] License group:
  Id: 14569722982794-UnityPersXXXX
  Product: Unity Personal
  Type: Assigned
  Expiration: Unlimited
Assembly Assembly-CSharp-Editor-firstpass.dll at Library/ScriptAssemblies/Assembly-CSharp-Editor-firstpass.dll not valid. Loading of assembly skipped.
Assembly Assembly-CSharp-Editor.dll at Library/ScriptAssemblies/Assembly-CSharp-Editor.dll not valid. Loading of assembly skipped.
Assembly Assembly-CSharp-firstpass.dll at Library/ScriptAssemblies/Assembly-CSharp-firstpass.dll not valid. Loading of assembly skipped.
Assembly Assembly-CSharp.dll at Library/ScriptAssemblies/Assembly-CSharp.dll not valid. Loading of assembly skipped.
Assembly Unity.Multiplayer.Center.Editor.Tests.dll at Library/ScriptAssemblies/Unity.Multiplayer.Center.Editor.Tests.dll not valid. Loading of assembly skipped.
Assembly Unity.Multiplayer.Center.Tests.dll at Library/ScriptAssemblies/Unity.Multiplayer.Center.Tests.dll not valid. Loading of assembly skipped.
Native extension for WindowsStandalone target not found
Native extension for WebGL target not found
[Package Manager] Failed to launch server process. Reason: Unity was launched with the -noUpm command-line argument
[Package Manager] Unable to send message (not connected to server process).
[Package Manager] Cannot connect to Unity Package Manager local server
ScheduleIndexationOnStartup MainProcess:False IndexOnStartup:True
Mono: successfully reloaded assembly
- Finished resetting the current domain, in  0.365 seconds
Domain Reload Profiling: 750ms
	BeginReloadAssembly (250ms)
		DisableScriptedObjects (5ms)
		CreateAndSetChildDomain (31ms)
	RebuildCommonClasses (33ms)
	RebuildNativeTypeToScriptingClass (14ms)
	initialDomainReloadingComplete (66ms)
	LoadAllAssembliesAndSetupDomain (20ms)
		LoadAssemblies (165ms)
		AnalyzeDomain (10ms)
			TypeCache.Refresh (8ms)
	FinalizeReload (367ms)
		SetupLoadedEditorAssemblies (0ms)
			BeforeProcessingInitializeOnLoad (100ms)
			ProcessInitializeOnLoadAttributes (85ms)
			ProcessInitializeOnLoadMethodAttributes (43ms)
			AfterProcessingInitializeOnLoad (13ms)
		AwakeInstancesAfterBackupRestoration (14ms)
Launched and connected shader compiler UnityShaderCompiler.exe after 0.01 seconds
Unloading 0 Unused Serialized files (Serialized files now loaded: 0)
Unloading 67 unused Assets / (30.3 KB). Loaded Objects now: 670.
Memory consumption went from 65.7 MB to 65.6 MB.
Total: 3.739700 ms (FindLiveObjects: 0.049400 ms CreateObjectMapping: 0.010500 ms MarkObjects: 3.559700 ms  DeleteObjects: 0.117800 ms)

========================================================================
Received Import Request.
  Time since last request: 104338.009812 seconds.
  path: Assets/Ultimate Impact Fx/Materials/PowerImpact/ImpactLight_Add.mat
  importAddress: Guid(8a368de9db3b0ee49bc9c8b9242c05a5) Importer(2089858483,b0f066a214c2f5e87bad3c948f4d605d)
Start importing Assets/Ultimate Impact Fx/Materials/PowerImpact/ImpactLight_Add.mat using Guid(8a368de9db3b0ee49bc9c8b9242c05a5) Importer(2089858483,b0f066a214c2f5e87bad3c948f4d605d) (ScriptedImporter) -> (Import Result ID: '44376049e66421f3e63853170c021da7') in 0.1051886 seconds [static and dynamic dependencies]. Details - ImportResultOutputID=cd9ff2b695b36950e8353a3e81064608 DependenciesID=9c8e3542918c73246f60ac7e34bc3714 StaticDependenciesID=4d193c5542bf6415e503a7f6a867202e 
Number of updated asset objects reloaded before import = 0Number of asset objects unloaded after import = 2

========================================================================
Received Import Request.
  Time since last request: 0.000019 seconds.
  path: Assets/Ultimate Impact Fx/Materials/PowerImpact/Water_FBF_4x4_TGA.tga
  importAddress: Guid(cb8bc80c6a6ab9d4ca76efffe13df6ba) Importer(2089858483,b0f066a214c2f5e87bad3c948f4d605d)
Start importing Assets/Ultimate Impact Fx/Materials/PowerImpact/Water_FBF_4x4_TGA.tga using Guid(cb8bc80c6a6ab9d4ca76efffe13df6ba) Importer(2089858483,b0f066a214c2f5e87bad3c948f4d605d) (ScriptedImporter) -> (Import Result ID: 'bf07ceb3267e46ac03bdd833d1b925fa') in 0.0479203 seconds [static and dynamic dependencies]. Details - ImportResultOutputID=6566857c9a709ada499da807723f48c2 DependenciesID=e23bb1d92292286e8f5095d757133c20 StaticDependenciesID=e7446d8b681104ce83fdc3c186317006 
Number of updated asset objects reloaded before import = 0Number of asset objects unloaded after import = 1

========================================================================
Received Import Request.
  Time since last request: 0.000076 seconds.
  path: Assets/Ultimate Impact Fx/Materials/PowerImpact/ImpactNature_Sheet_TGA.tga
  importAddress: Guid(d59b08e91960e2f469f4895a752cd026) Importer(2089858483,b0f066a214c2f5e87bad3c948f4d605d)
Start importing Assets/Ultimate Impact Fx/Materials/PowerImpact/ImpactNature_Sheet_TGA.tga using Guid(d59b08e91960e2f469f4895a752cd026) Importer(2089858483,b0f066a214c2f5e87bad3c948f4d605d) (ScriptedImporter) -> (Import Result ID: '02e3cdeccaf3f860ad3381d3c5aed9e9') in 0.017161 seconds [static and dynamic dependencies]. Details - ImportResultOutputID=dd394e7cf5fd206f913db20168ddac06 DependenciesID=9d33554292c994f391dfc01f4f1c6f2b StaticDependenciesID=1367719591349c99be5078d50b68cf15 
Number of updated asset objects reloaded before import = 0Number of asset objects unloaded after import = 1

========================================================================
Received Import Request.
  Time since last request: 0.000073 seconds.
  path: Assets/Ultimate Impact Fx/Resources/Prefabs/GrPower_Impact_Arcane_02.prefab
  importAddress: Guid(c8d4ec9f39fc5b445a41889e9bbfeb2e) Importer(2089858483,b0f066a214c2f5e87bad3c948f4d605d)
Start importing Assets/Ultimate Impact Fx/Resources/Prefabs/GrPower_Impact_Arcane_02.prefab using Guid(c8d4ec9f39fc5b445a41889e9bbfeb2e) Importer(2089858483,b0f066a214c2f5e87bad3c948f4d605d) (ScriptedImporter) -> (Import Result ID: '302d218832d4d913420434ec8affba47') in 0.0815181 seconds [static and dynamic dependencies]. Details - ImportResultOutputID=30a27b684767d9fedf8a7df47a5c1fe8 DependenciesID=069ae2cb0c5d575a0c02c87a7b2080c7 StaticDependenciesID=cc73d99055d7d24275fb03b7fcb5a0fd 
Number of updated asset objects reloaded before import = 0Number of asset objects unloaded after import = 43

========================================================================
Received Import Request.
  Time since last request: 0.000016 seconds.
  path: Assets/Ultimate Impact Fx/Scenes/Demo.unity
  importAddress: Guid(724f3d810df707c4eb7433bafe652f1b) Importer(2089858483,b0f066a214c2f5e87bad3c948f4d605d)
Start importing Assets/Ultimate Impact Fx/Scenes/Demo.unity using Guid(724f3d810df707c4eb7433bafe652f1b) Importer(2089858483,b0f066a214c2f5e87bad3c948f4d605d) (ScriptedImporter) -> (Import Result ID: 'fd80bbf7f67650275d57ea052ed09957') in 0.0097196 seconds [static and dynamic dependencies]. Details - ImportResultOutputID=c1cd9085b26bf16eb89efe86ae53db17 DependenciesID=a687219d528fd58ad3ecf407f4950051 StaticDependenciesID=62d677e82999b672de35f429419f31eb 
Number of updated asset objects reloaded before import = 0Number of asset objects unloaded after import = 1

========================================================================
Received Import Request.
  Time since last request: 0.000069 seconds.
  path: Assets/Ultimate Impact Fx/Backdrop/Materials/Backdrop.mat
  importAddress: Guid(6238fbfb5ceb545439c3d62af87c32de) Importer(2089858483,b0f066a214c2f5e87bad3c948f4d605d)
Start importing Assets/Ultimate Impact Fx/Backdrop/Materials/Backdrop.mat using Guid(6238fbfb5ceb545439c3d62af87c32de) Importer(2089858483,b0f066a214c2f5e87bad3c948f4d605d) (ScriptedImporter) -> (Import Result ID: 'f0ec46d1351fdf01342f72af5388526b') in 0.0121685 seconds [static and dynamic dependencies]. Details - ImportResultOutputID=22a17c4da814dc20eebabdebd4b0b6ed DependenciesID=e3513d7c535187bee935a1601061d0df StaticDependenciesID=d21de8a4b6c65cc3c4e95906f70afadb 
Number of updated asset objects reloaded before import = 0Number of asset objects unloaded after import = 2

========================================================================
Received Import Request.
  Time since last request: 0.000020 seconds.
  path: Assets/Ultimate Impact Fx/Resources/Prefabs/GrBasic_Impact_09.prefab
  importAddress: Guid(bb414f2135b3fa34484242d1744c23ac) Importer(2089858483,b0f066a214c2f5e87bad3c948f4d605d)
Start importing Assets/Ultimate Impact Fx/Resources/Prefabs/GrBasic_Impact_09.prefab using Guid(bb414f2135b3fa34484242d1744c23ac) Importer(2089858483,b0f066a214c2f5e87bad3c948f4d605d) (ScriptedImporter) -> (Import Result ID: '4bf1c423e10c264bdef448620d5f66df') in 0.0284145 seconds [static and dynamic dependencies]. Details - ImportResultOutputID=831f0e453239102f46c34c5bf2173f11 DependenciesID=4fea7757330ecc567e6d295ae11c3ea4 StaticDependenciesID=e8b818b48fb670ee0611bc6a6065a85c 
Number of updated asset objects reloaded before import = 0Number of asset objects unloaded after import = 19

========================================================================
Received Import Request.
  Time since last request: 0.000017 seconds.
  path: Assets/Ultimate Impact Fx/Resources/Prefabs/GrMedium_Impact_10.prefab
  importAddress: Guid(44a75d3741f8e7c41a905af64b0d0c49) Importer(2089858483,b0f066a214c2f5e87bad3c948f4d605d)
Start importing Assets/Ultimate Impact Fx/Resources/Prefabs/GrMedium_Impact_10.prefab using Guid(44a75d3741f8e7c41a905af64b0d0c49) Importer(2089858483,b0f066a214c2f5e87bad3c948f4d605d) (ScriptedImporter) -> (Import Result ID: '3525493f8788fe8d7944f0305f29d368') in 0.0321373 seconds [static and dynamic dependencies]. Details - ImportResultOutputID=c7374239791e49a43780fd3c33f6bc74 DependenciesID=b7dddb131c641bed43e803482cacb028 StaticDependenciesID=9a147f06aa7fda011ef7a2890b08a282 
Number of updated asset objects reloaded before import = 0Number of asset objects unloaded after import = 27

========================================================================
Received Import Request.
  Time since last request: 0.000015 seconds.
  path: Assets/Ultimate Impact Fx/Materials/PowerImpact/DarkSmoke_FBF_AB.mat
  importAddress: Guid(cc35e1b6d6544534598f19932bd6a969) Importer(2089858483,b0f066a214c2f5e87bad3c948f4d605d)
Start importing Assets/Ultimate Impact Fx/Materials/PowerImpact/DarkSmoke_FBF_AB.mat using Guid(cc35e1b6d6544534598f19932bd6a969) Importer(2089858483,b0f066a214c2f5e87bad3c948f4d605d) (ScriptedImporter) -> (Import Result ID: '64e218a3ba4116a200d749db0a8b5019') in 0.0133736 seconds [static and dynamic dependencies]. Details - ImportResultOutputID=85da190ac451c3e5869b03e775b7b535 DependenciesID=eb40aab4157b0183591f391f2bcb0097 StaticDependenciesID=13ab885e8a7edfd9093f1c4f455e686c 
Number of updated asset objects reloaded before import = 0Number of asset objects unloaded after import = 2

========================================================================
Received Import Request.
  Time since last request: 0.000016 seconds.
  path: Assets/Ultimate Impact Fx/Materials/MediumImpact/PowerImpact_Add.mat
  importAddress: Guid(ef20c1de62b90684689bfad9c6c94290) Importer(2089858483,b0f066a214c2f5e87bad3c948f4d605d)
Start importing Assets/Ultimate Impact Fx/Materials/MediumImpact/PowerImpact_Add.mat using Guid(ef20c1de62b90684689bfad9c6c94290) Importer(2089858483,b0f066a214c2f5e87bad3c948f4d605d) (ScriptedImporter) -> (Import Result ID: '0b8564d437b4547f055892154365aefe') in 0.0116519 seconds [static and dynamic dependencies]. Details - ImportResultOutputID=1a9edb6a465e126cae1d0dc695ff08b2 DependenciesID=86287a10b026b8259379df33c6dea985 StaticDependenciesID=8fd511e6605d3d94b88150f1166f990a 
Number of updated asset objects reloaded before import = 0Number of asset objects unloaded after import = 2

========================================================================
Received Import Request.
  Time since last request: 0.000017 seconds.
  path: Assets/Ultimate Impact Fx/Resources/Prefabs/GrBasic_Impact_03.prefab
  importAddress: Guid(7cb56a4bea8653a49a93b5c775c4dbbc) Importer(2089858483,b0f066a214c2f5e87bad3c948f4d605d)
Start importing Assets/Ultimate Impact Fx/Resources/Prefabs/GrBasic_Impact_03.prefab using Guid(7cb56a4bea8653a49a93b5c775c4dbbc) Importer(2089858483,b0f066a214c2f5e87bad3c948f4d605d) (ScriptedImporter) -> (Import Result ID: 'dd79a1f2a94f3cf37e8fd6ca2e5c9cb2') in 0.0304949 seconds [static and dynamic dependencies]. Details - ImportResultOutputID=fa0ce9a5df8e5d619f4857f83f13d404 DependenciesID=f880b6cf6ae7e6e6eaaecb7b78cea934 StaticDependenciesID=9c30662c5ac0b52f17987aec9e978172 
Number of updated asset objects reloaded before import = 0Number of asset objects unloaded after import = 19

========================================================================
Received Import Request.
  Time since last request: 0.000017 seconds.
  path: Assets/Ultimate Impact Fx/Resources/Prefabs/GrPower_Impact_Air_02.prefab
  importAddress: Guid(42c78f201d0b89e4faa123d0f801790e) Importer(2089858483,b0f066a214c2f5e87bad3c948f4d605d)
Start importing Assets/Ultimate Impact Fx/Resources/Prefabs/GrPower_Impact_Air_02.prefab using Guid(42c78f201d0b89e4faa123d0f801790e) Importer(2089858483,b0f066a214c2f5e87bad3c948f4d605d) (ScriptedImporter) -> (Import Result ID: 'cf3bbde715afc8cbf71b067029690711') in 0.030132 seconds [static and dynamic dependencies]. Details - ImportResultOutputID=9e7e8f41f9f2846c2f6100c2a7c73348 DependenciesID=415406830e5493ad1e2d8c0c4bde99f8 StaticDependenciesID=899c9104d7e27601271502b02cc5d4cf 
Number of updated asset objects reloaded before import = 0Number of asset objects unloaded after import = 39

========================================================================
Received Import Request.
  Time since last request: 0.000016 seconds.
  path: Assets/Ultimate Impact Fx/Resources/Prefabs/GrBasic_Impact_06.prefab
  importAddress: Guid(d554b476e11582a4fa1e082c77d241c6) Importer(2089858483,b0f066a214c2f5e87bad3c948f4d605d)
Start importing Assets/Ultimate Impact Fx/Resources/Prefabs/GrBasic_Impact_06.prefab using Guid(d554b476e11582a4fa1e082c77d241c6) Importer(2089858483,b0f066a214c2f5e87bad3c948f4d605d) (ScriptedImporter) -> (Import Result ID: '4ae9940b223b64f9bf80df44627f149b') in 0.0268701 seconds [static and dynamic dependencies]. Details - ImportResultOutputID=f2dc846f23b1d3ffa91730c473e53fe9 DependenciesID=bbacd2769d618bd187bc8c19c7a17c67 StaticDependenciesID=e1097c6e1d5477967a92a1e3e248a454 
Number of updated asset objects reloaded before import = 0Number of asset objects unloaded after import = 19

========================================================================
Received Import Request.
  Time since last request: 0.000016 seconds.
  path: Assets/Ultimate Impact Fx/Materials/PowerImpact/Smoke_Sheet_6x6_TGA.tga
  importAddress: Guid(9eca9fbfc5a0d9249950052e12840673) Importer(2089858483,b0f066a214c2f5e87bad3c948f4d605d)
Start importing Assets/Ultimate Impact Fx/Materials/PowerImpact/Smoke_Sheet_6x6_TGA.tga using Guid(9eca9fbfc5a0d9249950052e12840673) Importer(2089858483,b0f066a214c2f5e87bad3c948f4d605d) (ScriptedImporter) -> (Import Result ID: '9391e1d4d3a35f10ff851ee600450a82') in 0.0152181 seconds [static and dynamic dependencies]. Details - ImportResultOutputID=ad85d321e5f024f34548c93d8c609621 DependenciesID=429baa63eb3bac1133c7aa2fb12fa082 StaticDependenciesID=cd6c304fb9804863bb2370ec7c4243a1 
Number of updated asset objects reloaded before import = 0Number of asset objects unloaded after import = 1

========================================================================
Received Import Request.
  Time since last request: 0.618975 seconds.
  path: Assets/Ultimate Impact Fx/Resources/Prefabs/GrPower_Impact_Fire_01.prefab
  importAddress: Guid(4744f1f9c55621a4ab6913ae3dbb66a8) Importer(2089858483,b0f066a214c2f5e87bad3c948f4d605d)
Start importing Assets/Ultimate Impact Fx/Resources/Prefabs/GrPower_Impact_Fire_01.prefab using Guid(4744f1f9c55621a4ab6913ae3dbb66a8) Importer(2089858483,b0f066a214c2f5e87bad3c948f4d605d) (ScriptedImporter) -> (Import Result ID: 'c0840efd81fef63892cc852c8388fdf2') in 0.083712 seconds [static and dynamic dependencies]. Details - ImportResultOutputID=cffc07d2efa5bf15f4da30435a99d8bb DependenciesID=dc927c8f715a702804780f991ba5d109 StaticDependenciesID=922ee666e7990c078b245586d4e47b84 
Number of updated asset objects reloaded before import = 0Number of asset objects unloaded after import = 35

========================================================================
Received Import Request.
  Time since last request: 0.000015 seconds.
  path: Assets/Ultimate Impact Fx/SourceFiles/PNG/Impact_7.png
  importAddress: Guid(4760b4a82025a4c40ad80ca7532bee77) Importer(2089858483,b0f066a214c2f5e87bad3c948f4d605d)
Start importing Assets/Ultimate Impact Fx/SourceFiles/PNG/Impact_7.png using Guid(4760b4a82025a4c40ad80ca7532bee77) Importer(2089858483,b0f066a214c2f5e87bad3c948f4d605d) (ScriptedImporter) -> (Import Result ID: '989a049a56ca47a74c43d22ddc11e9a7') in 0.0134879 seconds [static and dynamic dependencies]. Details - ImportResultOutputID=f145417c473383c3919b541b003dd972 DependenciesID=cd4614638e94cfb6c6f4ab48f1de7a23 StaticDependenciesID=e63fa997ed664290274e10827880b667 
Number of updated asset objects reloaded before import = 0Number of asset objects unloaded after import = 1

========================================================================
Received Import Request.
  Time since last request: 0.000015 seconds.
  path: Assets/Ultimate Impact Fx/Resources/Prefabs/Medium_Impact_06.prefab
  importAddress: Guid(4f0c1a675a363774cbf2c42f94ec47d6) Importer(2089858483,b0f066a214c2f5e87bad3c948f4d605d)
Start importing Assets/Ultimate Impact Fx/Resources/Prefabs/Medium_Impact_06.prefab using Guid(4f0c1a675a363774cbf2c42f94ec47d6) Importer(2089858483,b0f066a214c2f5e87bad3c948f4d605d) (ScriptedImporter) -> (Import Result ID: '09047c7bd5a2be28edfebbe30975cdcb') in 0.0262316 seconds [static and dynamic dependencies]. Details - ImportResultOutputID=10b181c5623c64a3c09b442ee8b4cecf DependenciesID=b0027259341a7937e660f3bddbc1544b StaticDependenciesID=226d6e7d0e490ef2a714a18bd89c7fbd 
Number of updated asset objects reloaded before import = 0Number of asset objects unloaded after import = 23

========================================================================
Received Import Request.
  Time since last request: 0.000014 seconds.
  path: Assets/Ultimate Impact Fx/SourceFiles/PSD/GroundImpact_Sheet.psd
  importAddress: Guid(1abb5ac147f185e4b928a1d482259ee2) Importer(2089858483,b0f066a214c2f5e87bad3c948f4d605d)
Start importing Assets/Ultimate Impact Fx/SourceFiles/PSD/GroundImpact_Sheet.psd using Guid(1abb5ac147f185e4b928a1d482259ee2) Importer(2089858483,b0f066a214c2f5e87bad3c948f4d605d) (ScriptedImporter) -> (Import Result ID: 'effcf666eda5d9139ddeeb246dc9afb6') in 0.0128263 seconds [static and dynamic dependencies]. Details - ImportResultOutputID=b3abbbb79dc88da6fd23470259f48ff8 DependenciesID=fcbe3fc9ddf6977b6871a254d86bd4e1 StaticDependenciesID=2fac2b85da29369e108297dab100ddfe 
Number of updated asset objects reloaded before import = 0Number of asset objects unloaded after import = 1

========================================================================
Received Import Request.
  Time since last request: 0.000029 seconds.
  path: Assets/Ultimate Impact Fx/SourceFiles/PNG/Impact_lightning_1.png
  importAddress: Guid(547f263cf4702644cba5d0da47d6b125) Importer(2089858483,b0f066a214c2f5e87bad3c948f4d605d)
Start importing Assets/Ultimate Impact Fx/SourceFiles/PNG/Impact_lightning_1.png using Guid(547f263cf4702644cba5d0da47d6b125) Importer(2089858483,b0f066a214c2f5e87bad3c948f4d605d) (ScriptedImporter) -> (Import Result ID: '74e65d0ecb174a918919c89b23b67694') in 0.0138149 seconds [static and dynamic dependencies]. Details - ImportResultOutputID=9b6e8ab9c5531dc9ba6a12294d3f6490 DependenciesID=2d9bf3e17d8049d8603a5aa7dd84d4c4 StaticDependenciesID=21a067f2d29c3ae70c4c7863ecd0fcb9 
Number of updated asset objects reloaded before import = 0Number of asset objects unloaded after import = 1

========================================================================
Received Import Request.
  Time since last request: 0.000083 seconds.
  path: Assets/Ultimate Impact Fx/Resources/Prefabs/Power_Impact_Arcane_02.prefab
  importAddress: Guid(19334de3529f5114397dbbccbd00fda7) Importer(2089858483,b0f066a214c2f5e87bad3c948f4d605d)
Start importing Assets/Ultimate Impact Fx/Resources/Prefabs/Power_Impact_Arcane_02.prefab using Guid(19334de3529f5114397dbbccbd00fda7) Importer(2089858483,b0f066a214c2f5e87bad3c948f4d605d) (ScriptedImporter) -> (Import Result ID: '5d0f5524b1b0da34f4d0b11935aafaab') in 0.0243238 seconds [static and dynamic dependencies]. Details - ImportResultOutputID=4edb82c2c39c36b50ad88dd0b071a977 DependenciesID=0ec199ee94da5979a160633756cff589 StaticDependenciesID=a97d6a7cb4883c0ad4bc95ac8abdd9d4 
Number of updated asset objects reloaded before import = 0Number of asset objects unloaded after import = 35

========================================================================
Received Import Request.
  Time since last request: 0.000012 seconds.
  path: Assets/Ultimate Impact Fx/Resources/Prefabs/Power_Impact_Light_01.prefab
  importAddress: Guid(cda773e4a1b4a7f47bd72c2e85647829) Importer(2089858483,b0f066a214c2f5e87bad3c948f4d605d)
Start importing Assets/Ultimate Impact Fx/Resources/Prefabs/Power_Impact_Light_01.prefab using Guid(cda773e4a1b4a7f47bd72c2e85647829) Importer(2089858483,b0f066a214c2f5e87bad3c948f4d605d) (ScriptedImporter) -> (Import Result ID: 'dadd52997afa0e6ef36d6d8d5c212608') in 0.0256426 seconds [static and dynamic dependencies]. Details - ImportResultOutputID=7a115293ec07f825ca8e57ea9c64d03d DependenciesID=935f04bbf7f4416ed3bd80e372940467 StaticDependenciesID=e9f1487599f6487083cda309d3a69048 
Number of updated asset objects reloaded before import = 0Number of asset objects unloaded after import = 27

========================================================================
Received Import Request.
  Time since last request: 0.000017 seconds.
  path: Assets/Ultimate Impact Fx/SourceFiles/PNG/Impact_light_1.png
  importAddress: Guid(0eee16bcfc8fb334e93d7e604382021e) Importer(2089858483,b0f066a214c2f5e87bad3c948f4d605d)
Start importing Assets/Ultimate Impact Fx/SourceFiles/PNG/Impact_light_1.png using Guid(0eee16bcfc8fb334e93d7e604382021e) Importer(2089858483,b0f066a214c2f5e87bad3c948f4d605d) (ScriptedImporter) -> (Import Result ID: 'e1d65305e12d750d604db5783452a39e') in 0.0168293 seconds [static and dynamic dependencies]. Details - ImportResultOutputID=a1791c51111169720df7f3fc7c3db1b4 DependenciesID=95655624bc59df2c702d5c6292644747 StaticDependenciesID=8cd652175db63d379b236dba1b4c47d7 
Number of updated asset objects reloaded before import = 0Number of asset objects unloaded after import = 1

========================================================================
Received Import Request.
  Time since last request: 0.000101 seconds.
  path: Assets/Ultimate Impact Fx/Resources/Prefabs/Power_Impact_Nature_02.prefab
  importAddress: Guid(fa777ed2982ea604a86d379361c4f94c) Importer(2089858483,b0f066a214c2f5e87bad3c948f4d605d)
Start importing Assets/Ultimate Impact Fx/Resources/Prefabs/Power_Impact_Nature_02.prefab using Guid(fa777ed2982ea604a86d379361c4f94c) Importer(2089858483,b0f066a214c2f5e87bad3c948f4d605d) (ScriptedImporter) -> (Import Result ID: 'e7420c991250e076c091c8d6469aaead') in 0.0259842 seconds [static and dynamic dependencies]. Details - ImportResultOutputID=74d8fe3a38ffdfb8de3ed2968a763f16 DependenciesID=21ab9c12fa6a88ab8c004dd6344fce8b StaticDependenciesID=bf1cac703d7c77f86645a5c2f4912584 
Number of updated asset objects reloaded before import = 0Number of asset objects unloaded after import = 31

========================================================================
Received Import Request.
  Time since last request: 0.000017 seconds.
  path: Assets/Ultimate Impact Fx/SourceFiles/PNG/Impact_lightning_2.png
  importAddress: Guid(2256b8a4a3bd74849a8e1a59c4b9a7e7) Importer(2089858483,b0f066a214c2f5e87bad3c948f4d605d)
Start importing Assets/Ultimate Impact Fx/SourceFiles/PNG/Impact_lightning_2.png using Guid(2256b8a4a3bd74849a8e1a59c4b9a7e7) Importer(2089858483,b0f066a214c2f5e87bad3c948f4d605d) (ScriptedImporter) -> (Import Result ID: 'cbb1566ae460ad692cecec3f2464f47d') in 0.0107658 seconds [static and dynamic dependencies]. Details - ImportResultOutputID=cf6edc59929cc294a7d57a002ba5c6fc DependenciesID=aab7c9f18f0667061eeb7c045970bdd3 StaticDependenciesID=8bd059e5558ace388441fdb2a7a865d6 
Number of updated asset objects reloaded before import = 0Number of asset objects unloaded after import = 1

========================================================================
Received Import Request.
  Time since last request: 0.000017 seconds.
  path: Assets/Ultimate Impact Fx/SourceFiles/PSD/ImpactEarth_Sheet.psd
  importAddress: Guid(674946b7dac58484287b6d6db7b6dcee) Importer(2089858483,b0f066a214c2f5e87bad3c948f4d605d)
Start importing Assets/Ultimate Impact Fx/SourceFiles/PSD/ImpactEarth_Sheet.psd using Guid(674946b7dac58484287b6d6db7b6dcee) Importer(2089858483,b0f066a214c2f5e87bad3c948f4d605d) (ScriptedImporter) -> (Import Result ID: '57e861313a60719639c29704789f7dc7') in 0.0117284 seconds [static and dynamic dependencies]. Details - ImportResultOutputID=a9d5b8cadce6c8290e03defddfffa7e6 DependenciesID=db0598f075ca67ea4466205e57656bd2 StaticDependenciesID=2659cffcd2e5ed8d759203918ef432e6 
Number of updated asset objects reloaded before import = 0Number of asset objects unloaded after import = 1

========================================================================
Received Import Request.
  Time since last request: 0.000015 seconds.
  path: Assets/Ultimate Impact Fx/SourceFiles/PNG/Impact_water_1.png
  importAddress: Guid(00ac0ebc2fba864449b60fe92cd1ed7f) Importer(2089858483,b0f066a214c2f5e87bad3c948f4d605d)
Start importing Assets/Ultimate Impact Fx/SourceFiles/PNG/Impact_water_1.png using Guid(00ac0ebc2fba864449b60fe92cd1ed7f) Importer(2089858483,b0f066a214c2f5e87bad3c948f4d605d) (ScriptedImporter) -> (Import Result ID: '048bb973cd834b8c4b28d2e1d53186ec') in 0.0121719 seconds [static and dynamic dependencies]. Details - ImportResultOutputID=40f82eed351e0dd60dace0868aaa330c DependenciesID=fe51c2afc113e233b8603b52f1d76696 StaticDependenciesID=a993ada164930a933f4533f631b963ae 
Number of updated asset objects reloaded before import = 0Number of asset objects unloaded after import = 1

========================================================================
Received Import Request.
  Time since last request: 0.000074 seconds.
  path: Assets/Ultimate Impact Fx/Resources/Prefabs/GrPower_Impact_Water_01.prefab
  importAddress: Guid(b8eb3bfab30f37b4c960a3ada9271ee0) Importer(2089858483,b0f066a214c2f5e87bad3c948f4d605d)
Start importing Assets/Ultimate Impact Fx/Resources/Prefabs/GrPower_Impact_Water_01.prefab using Guid(b8eb3bfab30f37b4c960a3ada9271ee0) Importer(2089858483,b0f066a214c2f5e87bad3c948f4d605d) (ScriptedImporter) -> (Import Result ID: '449ee2a26395751e3bab768b595838b1') in 0.0227338 seconds [static and dynamic dependencies]. Details - ImportResultOutputID=8ec887dfa23ce11c4e068152ae212575 DependenciesID=fcaee933863968f37b90044842bce022 StaticDependenciesID=17be6ccf05a448937518f94fb3d6cae7 
Number of updated asset objects reloaded before import = 0Number of asset objects unloaded after import = 35

========================================================================
Received Import Request.
  Time since last request: 0.196023 seconds.
  path: Assets/Ultimate Impact Fx/SourceFiles/PSD/Impact_02.psd
  importAddress: Guid(55af74bc1ffd3ae40b2bb2b32ce95ce3) Importer(2089858483,b0f066a214c2f5e87bad3c948f4d605d)
Start importing Assets/Ultimate Impact Fx/SourceFiles/PSD/Impact_02.psd using Guid(55af74bc1ffd3ae40b2bb2b32ce95ce3) Importer(2089858483,b0f066a214c2f5e87bad3c948f4d605d) (ScriptedImporter) -> (Import Result ID: 'f953454d21c315ab510f9be9dcf073c4') in 0.0113471 seconds [static and dynamic dependencies]. Details - ImportResultOutputID=85f4992ffc1de0d783a41e9407bac09a DependenciesID=2f42e1356b2c996f4aa435afa2a22e8f StaticDependenciesID=3baef166eaa30c4ebe08a9c27124e461 
Number of updated asset objects reloaded before import = 0Number of asset objects unloaded after import = 1

========================================================================
Received Import Request.
  Time since last request: 0.000066 seconds.
  path: Assets/Ultimate Impact Fx/SourceFiles/PSD/MediumImpact_Sheet.psd
  importAddress: Guid(57e53d437d6d77d4c82d098bcd0db9cc) Importer(2089858483,b0f066a214c2f5e87bad3c948f4d605d)
Start importing Assets/Ultimate Impact Fx/SourceFiles/PSD/MediumImpact_Sheet.psd using Guid(57e53d437d6d77d4c82d098bcd0db9cc) Importer(2089858483,b0f066a214c2f5e87bad3c948f4d605d) (ScriptedImporter) -> (Import Result ID: 'a51d565d580006aceca7513883c57525') in 0.0124729 seconds [static and dynamic dependencies]. Details - ImportResultOutputID=fb8a1bdf95986d38bcd832834e2a9dff DependenciesID=921ef7115897088c0a09bf3689c7192c StaticDependenciesID=b4ca927173a04bc3202f9b88b026ee51 
Number of updated asset objects reloaded before import = 0Number of asset objects unloaded after import = 1

Editor requested this worker to shutdown with reason: Scaling down because of idle timeout
AssetImportWorker is now disconnected from the server
Process exiting
Exiting without the bug reporter. Application will terminate with return code 0