[Licensing::Module] Trying to connect to existing licensing client channel...
Built from '6000.4/staging' branch; Version is '6000.4.8f1 (f8b72d3d7343) revision 16299821'; Using compiler version '194234433'; Build Type 'Release'
[Licensing::IpcConnector] Successfully connected to: "LicenseClient-심도진" at "2026-05-22T11:30:33.0196715Z"
OS: 'Windows 11  (10.0.26200) Professional' Language: 'ko' Physical Memory: 65345 MB
BatchMode: 1, IsHumanControllingUs: 0, StartBugReporterOnCrash: 0, Is64bit: 1
System  architecture: x64
Process architecture: x64
Date: 2026-05-22T11:30:33Z

COMMAND LINE ARGUMENTS:
C:\Program Files\Unity\Hub\Editor\6000.4.8f1\Editor\Unity.exe
-adb2
-batchMode
-noUpm
-name
AssetImportWorker7
-projectPath
G:/hell/assets/vfx_impact/_unity_preview
-logFile
Logs/AssetImportWorker7.log
-srvPort
63838
-force-d3d12
-job-worker-count
15
-background-job-worker-count
8
-gc-helper-count
1
-name
AssetImport
Successfully changed project path to: G:/hell/assets/vfx_impact/_unity_preview
G:/hell/assets/vfx_impact/_unity_preview
[UnityMemory] Configuration Parameters - Can be set up in boot.config
    "memorysetup-temp-allocator-size-gi-baking-worker=262144"
    "memorysetup-temp-allocator-size-gi-baking-worker=262144"
    "memorysetup-temp-allocator-size-gi-baking-worker=262144"
    "memorysetup-temp-allocator-size-gi-baking-worker=262144"
    "memorysetup-temp-allocator-size-gi-baking-worker=262144"
    "memorysetup-temp-allocator-size-nav-mesh-worker=65536"
    "memorysetup-temp-allocator-size-audio-worker=65536"
    "memorysetup-temp-allocator-size-cloud-worker=32768"
    "memorysetup-temp-allocator-size-gfx=262144"
    "memorysetup-temp-allocator-size-preload-manager=33554432"
    "memorysetup-temp-allocator-size-job-worker=262144"
    "memorysetup-temp-allocator-size-background-worker=32768"
    "memorysetup-allocator-temp-initial-block-size-main=262144"
    "memorysetup-allocator-temp-initial-block-size-worker=262144"
    "memorysetup-bucket-allocator-granularity=16"
    "memorysetup-bucket-allocator-bucket-count=8"
    "memorysetup-bucket-allocator-block-size=33554432"
    "memorysetup-bucket-allocator-block-count=8"
    "memorysetup-main-allocator-block-size=16777216"
    "memorysetup-thread-allocator-block-size=16777216"
    "memorysetup-gfx-main-allocator-block-size=16777216"
    "memorysetup-gfx-thread-allocator-block-size=16777216"
    "memorysetup-cache-allocator-block-size=4194304"
    "memorysetup-typetree-allocator-block-size=2097152"
    "memorysetup-profiler-bucket-allocator-granularity=16"
    "memorysetup-profiler-bucket-allocator-bucket-count=8"
    "memorysetup-profiler-bucket-allocator-block-size=33554432"
    "memorysetup-profiler-bucket-allocator-block-count=8"
    "memorysetup-profiler-allocator-block-size=16777216"
    "memorysetup-profiler-editor-allocator-block-size=1048576"
    "memorysetup-temp-allocator-size-main=16777216"
    "memorysetup-job-temp-allocator-block-size=2097152"
    "memorysetup-job-temp-allocator-block-size-background=1048576"
    "memorysetup-job-temp-allocator-reduction-small-platforms=262144"
Player connection [42700]  Target information:

Player connection [42700]  * "[IP] 192.168.0.146 [Port] 0 [Flags] 2 [Guid] 1811385359 [EditorId] 1811385359 [Version] 1048832 [Id] WindowsEditor(7,DESKTOP-R2F12NG) [Debug] 1 [PackageName] WindowsEditor [ProjectName] Editor" 

Player connection [42700]  * "[IP] 192.168.79.1 [Port] 0 [Flags] 2 [Guid] 1811385359 [EditorId] 1811385359 [Version] 1048832 [Id] WindowsEditor(7,DESKTOP-R2F12NG) [Debug] 1 [PackageName] WindowsEditor [ProjectName] Editor" 

Player connection [42700]  * "[IP] 192.168.12.1 [Port] 0 [Flags] 2 [Guid] 1811385359 [EditorId] 1811385359 [Version] 1048832 [Id] WindowsEditor(7,DESKTOP-R2F12NG) [Debug] 1 [PackageName] WindowsEditor [ProjectName] Editor" 

Player connection [42700] Host joined multi-casting on [225.0.0.222:54997]...
Player connection [42700] Host joined alternative multi-casting on [225.0.0.222:34997]...
JobSystem: Creating JobQueue using job-worker-count value 15
Input System module state changed to: Initialized.
[Physics::Module] Initialized fallback backend.
[Physics::Module] Id: 0xdecafbad
Library Redirect Path: Library/
[Physics::Module] Selected backend.
[Physics::Module] Name: PhysX
[Physics::Module] Id: 0xf2b8ea05
[Physics::Module] SDK Version: 4.1.2
[Physics::Module] Integration Version: 1.0.0
[Physics::Module] Threading Mode: Multi-Threaded
Initialize engine version: 6000.4.8f1 (f8b72d3d7343)
[Subsystems] Discovering subsystems at path C:/Program Files/Unity/Hub/Editor/6000.4.8f1/Editor/Data/Resources/UnitySubsystems
[Subsystems] Discovering subsystems at path G:/hell/assets/vfx_impact/_unity_preview/Assets
Forcing GfxDevice: Direct3D 12
GfxDevice: creating device client; kGfxThreadingModeNonThreaded
d3d12: failed to query info queue interface (0x80004002).
Direct3D:
    Version:         Direct3D 12 [level 12.2]
    Renderer:        AMD Radeon RX 9070 XT (ID=0x7550)
    Vendor:          ATI
    VRAM:            16188 MB
    App VRAM Budget: 15416 MB
    Driver:          32.0.31007.5012
Initialize mono
Mono path[0] = 'C:/Program Files/Unity/Hub/Editor/6000.4.8f1/Editor/Data/Managed'
Mono path[1] = 'C:/Program Files/Unity/Hub/Editor/6000.4.8f1/Editor/Data/MonoBleedingEdge/lib/mono/unityjit-win32'
Mono config path = 'C:/Program Files/Unity/Hub/Editor/6000.4.8f1/Editor/Data/MonoBleedingEdge/etc'
Using monoOptions --debugger-agent=transport=dt_socket,embedding=1,server=y,suspend=n,address=127.0.0.1:56640
CodeReloadManager initialized
Begin MonoManager ReloadAssembly
[Licensing::Client] Error: HandshakeResponse reported an error:
	ResponseCode: 505
	ResponseStatus: Unsupported protocol version '1.18.1'.
[Licensing::Module] Error: Failed to handshake to channel: "LicenseClient-심도진"
[Licensing::IpcConnector] LicenseClient-심도진 channel disconnected successfully.
[Licensing::IpcConnector] Successfully connected to: "LicenseClient-심도진-6000.4.8" at "2026-05-22T11:30:34.9480893Z"
[Licensing::Client] Code 10 while verifying Licensing Client signature (process Id: 38676, path: "C:/Program Files/Unity/Hub/Editor/6000.4.8f1/Editor/Data/Resources/Licensing/Client/Unity.Licensing.Client.exe")
[Licensing::Module] LicensingClient has failed validation; ignoring
[Licensing::Client] Handshaking with LicensingClient:
  Version:                 1.18.1+9fbee8e
  Session Id:              e271aca277534fe7938a1b46d70d81b7
  Correlation Id:          0482cfb5e4dd3217c90b0f8b540b775f
  External correlation Id: 5824427445840043830
  Machine Id:              jyS+85x8cRWB1xbIp+nfp4tj7nk=
[Licensing::Module] Successfully connected to LicensingClient on channel: "LicenseClient-심도진-6000.4.8" (connect: 0.00s, validation: 0.00s, handshake: 0.01s)
[Licensing::IpcConnector] Successfully connected to: "LicenseClient-심도진-6000.4.8-notifications" at "2026-05-22T11:30:34.9578784Z"
[Licensing::Module] Licensing Background thread has ended after 1.94s
Registering precompiled unity dll's ...
Register platform support module: C:/Program Files/Unity/Hub/Editor/6000.4.8f1/Editor/Data/PlaybackEngines/WebGLSupport/UnityEditor.WebGL.Extensions.dll
Register platform support module: C:/Program Files/Unity/Hub/Editor/6000.4.8f1/Editor/Data/PlaybackEngines/WindowsStandaloneSupport/UnityEditor.WindowsStandalone.Extensions.dll
Registered in 0.003590 seconds.
Native extension for WindowsStandalone target not found
Native extension for WebGL target not found
Package Manager log level set to [2]
[Package Manager] Failed to launch server process. Reason: Unity was launched with the -noUpm command-line argument
[Package Manager] Unable to send message (not connected to server process).
[Package Manager] Cannot connect to Unity Package Manager local server
ScheduleIndexationOnStartup MainProcess:False IndexOnStartup:True
Mono: successfully reloaded assembly
- Finished resetting the current domain, in  0.367 seconds
Domain Reload Profiling: 1010ms
	BeginReloadAssembly (250ms)
	RebuildCommonClasses (36ms)
	RebuildNativeTypeToScriptingClass (9ms)
	initialDomainReloadingComplete (112ms)
	LoadAllAssembliesAndSetupDomain (235ms)
		LoadAssemblies (236ms)
		AnalyzeDomain (227ms)
			TypeCache.Refresh (226ms)
				TypeCache.ScanAssembly (212ms)
	FinalizeReload (368ms)
		SetupLoadedEditorAssemblies (0ms)
			InitializePlatformSupportModulesInManaged (49ms)
			BeforeProcessingInitializeOnLoad (75ms)
			ProcessInitializeOnLoadAttributes (104ms)
			ProcessInitializeOnLoadMethodAttributes (82ms)
========================================================================
Worker process is ready to serve import requests
Import Worker Mode flag is 0x00
Begin MonoManager ReloadAssembly
[Licensing::Client] Successfully resolved entitlement details
[Licensing::Module] License group:
  Id: 14569722982794-UnityPersXXXX
  Product: Unity Personal
  Type: Assigned
  Expiration: Unlimited
Assembly Assembly-CSharp-Editor-firstpass.dll at Library/ScriptAssemblies/Assembly-CSharp-Editor-firstpass.dll not valid. Loading of assembly skipped.
Assembly Assembly-CSharp-Editor.dll at Library/ScriptAssemblies/Assembly-CSharp-Editor.dll not valid. Loading of assembly skipped.
Assembly Assembly-CSharp-firstpass.dll at Library/ScriptAssemblies/Assembly-CSharp-firstpass.dll not valid. Loading of assembly skipped.
Assembly Assembly-CSharp.dll at Library/ScriptAssemblies/Assembly-CSharp.dll not valid. Loading of assembly skipped.
Assembly Unity.Multiplayer.Center.Editor.Tests.dll at Library/ScriptAssemblies/Unity.Multiplayer.Center.Editor.Tests.dll not valid. Loading of assembly skipped.
Assembly Unity.Multiplayer.Center.Tests.dll at Library/ScriptAssemblies/Unity.Multiplayer.Center.Tests.dll not valid. Loading of assembly skipped.
Native extension for WindowsStandalone target not found
Native extension for WebGL target not found
[Package Manager] Failed to launch server process. Reason: Unity was launched with the -noUpm command-line argument
[Package Manager] Unable to send message (not connected to server process).
[Package Manager] Cannot connect to Unity Package Manager local server
ScheduleIndexationOnStartup MainProcess:False IndexOnStartup:True
Mono: successfully reloaded assembly
- Finished resetting the current domain, in  0.347 seconds
Domain Reload Profiling: 741ms
	BeginReloadAssembly (246ms)
		DisableScriptedObjects (5ms)
		CreateAndSetChildDomain (28ms)
	RebuildCommonClasses (45ms)
	RebuildNativeTypeToScriptingClass (14ms)
	initialDomainReloadingComplete (74ms)
	LoadAllAssembliesAndSetupDomain (15ms)
		LoadAssemblies (168ms)
		AnalyzeDomain (7ms)
			TypeCache.Refresh (5ms)
	FinalizeReload (349ms)
		SetupLoadedEditorAssemblies (0ms)
			BeforeProcessingInitializeOnLoad (94ms)
			ProcessInitializeOnLoadAttributes (81ms)
			ProcessInitializeOnLoadMethodAttributes (41ms)
			AfterProcessingInitializeOnLoad (13ms)
		AwakeInstancesAfterBackupRestoration (13ms)
Launched and connected shader compiler UnityShaderCompiler.exe after 0.01 seconds
Unloading 0 Unused Serialized files (Serialized files now loaded: 0)
Unloading 67 unused Assets / (30.2 KB). Loaded Objects now: 670.
Memory consumption went from 67.5 MB to 67.5 MB.
Total: 3.120700 ms (FindLiveObjects: 0.030600 ms CreateObjectMapping: 0.006400 ms MarkObjects: 2.977200 ms  DeleteObjects: 0.104400 ms)

========================================================================
Received Import Request.
  Time since last request: 104338.014303 seconds.
  path: Assets/Ultimate Impact Fx/CamAnim/Main Camera.controller
  importAddress: Guid(29c545fc7c841df4a850e32bb4d68a99) Importer(2089858483,b0f066a214c2f5e87bad3c948f4d605d)
Start importing Assets/Ultimate Impact Fx/CamAnim/Main Camera.controller using Guid(29c545fc7c841df4a850e32bb4d68a99) Importer(2089858483,b0f066a214c2f5e87bad3c948f4d605d) (ScriptedImporter) -> (Import Result ID: 'e78d3f989d055efab756236e29f89850') in 0.0859395 seconds [static and dynamic dependencies]. Details - ImportResultOutputID=f112f4d7e832214f22033c59052dd0a0 DependenciesID=bec01dd003edb68e94c218e744fd51e3 StaticDependenciesID=dd437eef524183e7fc16f965a595f223 
Number of updated asset objects reloaded before import = 0Number of asset objects unloaded after import = 8

========================================================================
Received Import Request.
  Time since last request: 0.000201 seconds.
  path: Assets/Ultimate Impact Fx/Materials/MediumImpact/PowerImpact_TGA.tga
  importAddress: Guid(92334854bd249514595a028bf65a7728) Importer(2089858483,b0f066a214c2f5e87bad3c948f4d605d)
Start importing Assets/Ultimate Impact Fx/Materials/MediumImpact/PowerImpact_TGA.tga using Guid(92334854bd249514595a028bf65a7728) Importer(2089858483,b0f066a214c2f5e87bad3c948f4d605d) (ScriptedImporter) -> (Import Result ID: '8e993be179bf66229e3e89c8b01bd370') in 0.0548925 seconds [static and dynamic dependencies]. Details - ImportResultOutputID=a04fa7235390f2e211545a5ab03f6fbf DependenciesID=caa2f8a7a659984aa327b7c739031497 StaticDependenciesID=69ea663656c53035a131e8bd5c59d314 
Number of updated asset objects reloaded before import = 0Number of asset objects unloaded after import = 1

========================================================================
Received Import Request.
  Time since last request: 0.000040 seconds.
  path: Assets/Ultimate Impact Fx/Resources/Prefabs/GrMedium_Impact_07.prefab
  importAddress: Guid(c5d096554c447414cb00f1479dbf8801) Importer(2089858483,b0f066a214c2f5e87bad3c948f4d605d)
Start importing Assets/Ultimate Impact Fx/Resources/Prefabs/GrMedium_Impact_07.prefab using Guid(c5d096554c447414cb00f1479dbf8801) Importer(2089858483,b0f066a214c2f5e87bad3c948f4d605d) (ScriptedImporter) -> (Import Result ID: 'ed2a88549ed4c4ba81198e3a5c132394') in 0.0740066 seconds [static and dynamic dependencies]. Details - ImportResultOutputID=97d548051b78b70a74853f6c7d73ade6 DependenciesID=10dc1e8dce1e1c054b639ac822d53d12 StaticDependenciesID=264d2ddd9fbee080654605087dce9f94 
Number of updated asset objects reloaded before import = 0Number of asset objects unloaded after import = 27

========================================================================
Received Import Request.
  Time since last request: 0.000018 seconds.
  path: Assets/Ultimate Impact Fx/Materials/PowerImpact/ImpactWater_Add.mat
  importAddress: Guid(5b9a5f80a57987442bf1444fa8d44826) Importer(2089858483,b0f066a214c2f5e87bad3c948f4d605d)
Start importing Assets/Ultimate Impact Fx/Materials/PowerImpact/ImpactWater_Add.mat using Guid(5b9a5f80a57987442bf1444fa8d44826) Importer(2089858483,b0f066a214c2f5e87bad3c948f4d605d) (ScriptedImporter) -> (Import Result ID: '3f65625dca3876cae1e4773132961905') in 0.0197993 seconds [static and dynamic dependencies]. Details - ImportResultOutputID=25a3beb6fade9ddfaec283a85dffd1ad DependenciesID=d442b6cdc2b46e4dcfb9bb8d9160474a StaticDependenciesID=ff126297bc810612b1be78ef932a8ad8 
Number of updated asset objects reloaded before import = 0Number of asset objects unloaded after import = 2

========================================================================
Received Import Request.
  Time since last request: 0.000026 seconds.
  path: Assets/Ultimate Impact Fx/Materials/PowerImpact/Lightning_FBF_4x3_Add.mat
  importAddress: Guid(bf39d931638c09644abe78610c3e1439) Importer(2089858483,b0f066a214c2f5e87bad3c948f4d605d)
Start importing Assets/Ultimate Impact Fx/Materials/PowerImpact/Lightning_FBF_4x3_Add.mat using Guid(bf39d931638c09644abe78610c3e1439) Importer(2089858483,b0f066a214c2f5e87bad3c948f4d605d) (ScriptedImporter) -> (Import Result ID: '3387300e3b0c4ccbcaaace82146dee06') in 0.0116702 seconds [static and dynamic dependencies]. Details - ImportResultOutputID=497b1a83128d3e90640bc71c35283689 DependenciesID=c0c8a48336f3857c3cf355de5dbed40f StaticDependenciesID=941de790e9606abc82557fe52a2b86e4 
Number of updated asset objects reloaded before import = 0Number of asset objects unloaded after import = 2

========================================================================
Received Import Request.
  Time since last request: 0.000013 seconds.
  path: Assets/Ultimate Impact Fx/Resources/Prefabs/GrMedium_Impact_03.prefab
  importAddress: Guid(9ef6e103abea2e04287f9602579c1af2) Importer(2089858483,b0f066a214c2f5e87bad3c948f4d605d)
Start importing Assets/Ultimate Impact Fx/Resources/Prefabs/GrMedium_Impact_03.prefab using Guid(9ef6e103abea2e04287f9602579c1af2) Importer(2089858483,b0f066a214c2f5e87bad3c948f4d605d) (ScriptedImporter) -> (Import Result ID: 'a76492e3dc07c1a5928a9c8400fd166e') in 0.0266489 seconds [static and dynamic dependencies]. Details - ImportResultOutputID=dfdfd04e02e6047222d35935bc76ce3e DependenciesID=ae2901b304344cd5a316ceab5ab161ad StaticDependenciesID=f6c8bb2125ba4d3428951f547e482aa6 
Number of updated asset objects reloaded before import = 0Number of asset objects unloaded after import = 27

========================================================================
Received Import Request.
  Time since last request: 0.000018 seconds.
  path: Assets/Ultimate Impact Fx/Materials/PowerImpact/ImpactEarth_Sheet_TGA.tga
  importAddress: Guid(c92a8a40cb9ce1a4eaca0b4016eb761c) Importer(2089858483,b0f066a214c2f5e87bad3c948f4d605d)
Start importing Assets/Ultimate Impact Fx/Materials/PowerImpact/ImpactEarth_Sheet_TGA.tga using Guid(c92a8a40cb9ce1a4eaca0b4016eb761c) Importer(2089858483,b0f066a214c2f5e87bad3c948f4d605d) (ScriptedImporter) -> (Import Result ID: '636fc65c49b233d8abc056844b2591c9') in 0.0149407 seconds [static and dynamic dependencies]. Details - ImportResultOutputID=0ce7f2a05da9aed988f68690e08bbb32 DependenciesID=850448caee3f23a4d082b62c64858ed8 StaticDependenciesID=97366dd5d781fc86a518c354ed7276a6 
Number of updated asset objects reloaded before import = 0Number of asset objects unloaded after import = 1

========================================================================
Received Import Request.
  Time since last request: 0.000066 seconds.
  path: Assets/Ultimate Impact Fx/Resources/Prefabs/GrPower_Impact_Dark_01.prefab
  importAddress: Guid(099730e5a192ea24694e5f4a44e0c75f) Importer(2089858483,b0f066a214c2f5e87bad3c948f4d605d)
Start importing Assets/Ultimate Impact Fx/Resources/Prefabs/GrPower_Impact_Dark_01.prefab using Guid(099730e5a192ea24694e5f4a44e0c75f) Importer(2089858483,b0f066a214c2f5e87bad3c948f4d605d) (ScriptedImporter) -> (Import Result ID: 'd16ca3d504aadb7b920b0bcda92fb9ad') in 0.0315573 seconds [static and dynamic dependencies]. Details - ImportResultOutputID=895feb480dcb90aded1d721c2153b881 DependenciesID=99fcd72f2774fc0890fea6521d471e65 StaticDependenciesID=00852be6c9fd74cbf64fbdf547aba7c2 
Number of updated asset objects reloaded before import = 0Number of asset objects unloaded after import = 35

========================================================================
Received Import Request.
  Time since last request: 0.000018 seconds.
  path: Assets/Ultimate Impact Fx/Materials/PowerImpact/ImpactWater_Sheet_TGA.tga
  importAddress: Guid(3140ad6cdf95fa247bc9d89952342a19) Importer(2089858483,b0f066a214c2f5e87bad3c948f4d605d)
Start importing Assets/Ultimate Impact Fx/Materials/PowerImpact/ImpactWater_Sheet_TGA.tga using Guid(3140ad6cdf95fa247bc9d89952342a19) Importer(2089858483,b0f066a214c2f5e87bad3c948f4d605d) (ScriptedImporter) -> (Import Result ID: 'b71a72ac315412619c009018727df4ff') in 0.0157303 seconds [static and dynamic dependencies]. Details - ImportResultOutputID=ddcb2317c59f41c4f80e0743266d3394 DependenciesID=7ad8373bcf163702297f9a0cdb4bd4a8 StaticDependenciesID=a5697725841976372912ea5a471982ea 
Number of updated asset objects reloaded before import = 0Number of asset objects unloaded after import = 1

========================================================================
Received Import Request.
  Time since last request: 0.000075 seconds.
  path: Assets/Ultimate Impact Fx/Materials/PowerImpact/ImpactFire_Add.mat
  importAddress: Guid(1d62bc277e7e1e1439f123399ead515b) Importer(2089858483,b0f066a214c2f5e87bad3c948f4d605d)
Start importing Assets/Ultimate Impact Fx/Materials/PowerImpact/ImpactFire_Add.mat using Guid(1d62bc277e7e1e1439f123399ead515b) Importer(2089858483,b0f066a214c2f5e87bad3c948f4d605d) (ScriptedImporter) -> (Import Result ID: '92a229a0779de407302389ef3bc35dd3') in 0.0134069 seconds [static and dynamic dependencies]. Details - ImportResultOutputID=ba1b9c8eccc9a6b9a635d59f3eeac575 DependenciesID=c12032cc2f8ec150e3f4d00257dca3ab StaticDependenciesID=0a06360d864aaec121e3d33fa5a57050 
Number of updated asset objects reloaded before import = 0Number of asset objects unloaded after import = 2

========================================================================
Received Import Request.
  Time since last request: 0.000024 seconds.
  path: Assets/Ultimate Impact Fx/Materials/BasicImpact/BasicImpact_TGA.tga
  importAddress: Guid(3b90ed6695ea8684bb10ff1e00685945) Importer(2089858483,b0f066a214c2f5e87bad3c948f4d605d)
Start importing Assets/Ultimate Impact Fx/Materials/BasicImpact/BasicImpact_TGA.tga using Guid(3b90ed6695ea8684bb10ff1e00685945) Importer(2089858483,b0f066a214c2f5e87bad3c948f4d605d) (ScriptedImporter) -> (Import Result ID: '839f2bb08586fc5f353692d4f93742fc') in 0.0135756 seconds [static and dynamic dependencies]. Details - ImportResultOutputID=28d4be700c92a455547ca7ea08d1cc97 DependenciesID=18a1fbd1760517d894a330fc05ef9f5d StaticDependenciesID=53fe623b01716fe8ed931365b126de6e 
Number of updated asset objects reloaded before import = 0Number of asset objects unloaded after import = 1

========================================================================
Received Import Request.
  Time since last request: 0.000016 seconds.
  path: Assets/Ultimate Impact Fx/UI/publisher.png
  importAddress: Guid(cf60534a1d24e5247ba6a366f77de761) Importer(2089858483,b0f066a214c2f5e87bad3c948f4d605d)
Start importing Assets/Ultimate Impact Fx/UI/publisher.png using Guid(cf60534a1d24e5247ba6a366f77de761) Importer(2089858483,b0f066a214c2f5e87bad3c948f4d605d) (ScriptedImporter) -> (Import Result ID: 'de03f6a6146813cd6eb0a869f3a10a62') in 0.0166004 seconds [static and dynamic dependencies]. Details - ImportResultOutputID=2a72027d3d0da8baa32cbd974c2f49f4 DependenciesID=810fbd3ab640b4153daa5bea0d855e32 StaticDependenciesID=d3abd35309de767a7caa550f4293b3c8 
Number of updated asset objects reloaded before import = 0Number of asset objects unloaded after import = 3

========================================================================
Received Import Request.
  Time since last request: 0.000018 seconds.
  path: Assets/Ultimate Impact Fx/Resources/Prefabs/GrMedium_Impact_06.prefab
  importAddress: Guid(602dc1da9674a63439d240bfa54ee5c5) Importer(2089858483,b0f066a214c2f5e87bad3c948f4d605d)
Start importing Assets/Ultimate Impact Fx/Resources/Prefabs/GrMedium_Impact_06.prefab using Guid(602dc1da9674a63439d240bfa54ee5c5) Importer(2089858483,b0f066a214c2f5e87bad3c948f4d605d) (ScriptedImporter) -> (Import Result ID: 'aa6ea66d0b35505c7f65f655efb407d5') in 0.0319281 seconds [static and dynamic dependencies]. Details - ImportResultOutputID=4935d333641877d2e449958beb24306f DependenciesID=b7b73babdcc27fae8d9a9dbaa27f8679 StaticDependenciesID=1a2278abf8861b57b1818de7436fe4cb 
Number of updated asset objects reloaded before import = 0Number of asset objects unloaded after import = 27

========================================================================
Received Import Request.
  Time since last request: 0.000018 seconds.
  path: Assets/Ultimate Impact Fx/Materials/PowerImpact/ImpactLightning_Add.mat
  importAddress: Guid(619057b5008250546bc172d727a3e754) Importer(2089858483,b0f066a214c2f5e87bad3c948f4d605d)
Start importing Assets/Ultimate Impact Fx/Materials/PowerImpact/ImpactLightning_Add.mat using Guid(619057b5008250546bc172d727a3e754) Importer(2089858483,b0f066a214c2f5e87bad3c948f4d605d) (ScriptedImporter) -> (Import Result ID: '3f53f5da0a11cc75d79677474dbee517') in 0.0131392 seconds [static and dynamic dependencies]. Details - ImportResultOutputID=803359759a87c1d8c1a3d2e0e8bd5eaf DependenciesID=31a5c5226ce90ab3c6f62de96f0c40d6 StaticDependenciesID=cc2aac32f9ce2535a6ee3feb9b1d8594 
Number of updated asset objects reloaded before import = 0Number of asset objects unloaded after import = 2

========================================================================
Received Import Request.
  Time since last request: 0.000015 seconds.
  path: Assets/Ultimate Impact Fx/Resources/Prefabs/Basic_Impact_09.prefab
  importAddress: Guid(8c83eba5f1ffc464e94628e3c581e1f9) Importer(2089858483,b0f066a214c2f5e87bad3c948f4d605d)
Start importing Assets/Ultimate Impact Fx/Resources/Prefabs/Basic_Impact_09.prefab using Guid(8c83eba5f1ffc464e94628e3c581e1f9) Importer(2089858483,b0f066a214c2f5e87bad3c948f4d605d) (ScriptedImporter) -> (Import Result ID: 'fecf793b08fbbedb0167fa1747bf909e') in 0.0294596 seconds [static and dynamic dependencies]. Details - ImportResultOutputID=cd0925802974db987484e16d93f00c7c DependenciesID=43c946614236e7b6d298633da6206275 StaticDependenciesID=d871abdcb1929ef02c258b5cb8cc7128 
Number of updated asset objects reloaded before import = 0Number of asset objects unloaded after import = 19

========================================================================
Received Import Request.
  Time since last request: 0.000019 seconds.
  path: Assets/Ultimate Impact Fx/Resources/Prefabs/GrBasic_Impact_01.prefab
  importAddress: Guid(82686a2ee9c253a428432f67fe87a865) Importer(2089858483,b0f066a214c2f5e87bad3c948f4d605d)
Start importing Assets/Ultimate Impact Fx/Resources/Prefabs/GrBasic_Impact_01.prefab using Guid(82686a2ee9c253a428432f67fe87a865) Importer(2089858483,b0f066a214c2f5e87bad3c948f4d605d) (ScriptedImporter) -> (Import Result ID: '78821517156e227b91dafb5a66c4a6e2') in 0.0266842 seconds [static and dynamic dependencies]. Details - ImportResultOutputID=992ca770c0160c63bd51e605d436eed9 DependenciesID=13374b1004fdd6f8cbd07be988d8a26e StaticDependenciesID=28ab8ea08bc5adb31b97d2ffdbf72ac2 
Number of updated asset objects reloaded before import = 0Number of asset objects unloaded after import = 19

========================================================================
Received Import Request.
  Time since last request: 0.595927 seconds.
  path: Assets/Ultimate Impact Fx/Resources/Prefabs/GrPower_Impact_Light_01.prefab
  importAddress: Guid(6039e56fc47a9b44883148ee3d159b53) Importer(2089858483,b0f066a214c2f5e87bad3c948f4d605d)
Start importing Assets/Ultimate Impact Fx/Resources/Prefabs/GrPower_Impact_Light_01.prefab using Guid(6039e56fc47a9b44883148ee3d159b53) Importer(2089858483,b0f066a214c2f5e87bad3c948f4d605d) (ScriptedImporter) -> (Import Result ID: '69f02933e289ccb156fd07531b4450d2') in 0.0827951 seconds [static and dynamic dependencies]. Details - ImportResultOutputID=bf53990d13530c9e74d7f399aced0050 DependenciesID=fce5085bf138d1e41b7c1660559f2cfc StaticDependenciesID=af0051643d9bd5f890b76f9521bc9807 
Number of updated asset objects reloaded before import = 0Number of asset objects unloaded after import = 35

========================================================================
Received Import Request.
  Time since last request: 0.000016 seconds.
  path: Assets/Ultimate Impact Fx/Resources/Prefabs/Power_Impact_Lightning_02.prefab
  importAddress: Guid(11b4975a2f7b58f409e32183706de1b2) Importer(2089858483,b0f066a214c2f5e87bad3c948f4d605d)
Start importing Assets/Ultimate Impact Fx/Resources/Prefabs/Power_Impact_Lightning_02.prefab using Guid(11b4975a2f7b58f409e32183706de1b2) Importer(2089858483,b0f066a214c2f5e87bad3c948f4d605d) (ScriptedImporter) -> (Import Result ID: 'd608943d0862164c7a4da51b1f070d5a') in 0.0271997 seconds [static and dynamic dependencies]. Details - ImportResultOutputID=7d44fbc7cc1c95e6ffc506bab8ed1a10 DependenciesID=425359b7379dae1d6028431b92aa3ec7 StaticDependenciesID=4f8d41c48c9ef2a82f14e46c6f05ca06 
Number of updated asset objects reloaded before import = 0Number of asset objects unloaded after import = 35

========================================================================
Received Import Request.
  Time since last request: 0.000021 seconds.
  path: Assets/Ultimate Impact Fx/Resources/Prefabs/Power_Impact_Poison_02.prefab
  importAddress: Guid(d4c6ef54e369a2b499afbf4330a19e26) Importer(2089858483,b0f066a214c2f5e87bad3c948f4d605d)
Start importing Assets/Ultimate Impact Fx/Resources/Prefabs/Power_Impact_Poison_02.prefab using Guid(d4c6ef54e369a2b499afbf4330a19e26) Importer(2089858483,b0f066a214c2f5e87bad3c948f4d605d) (ScriptedImporter) -> (Import Result ID: 'ed94b0450c2d541f2b203b6cee51fa61') in 0.025797 seconds [static and dynamic dependencies]. Details - ImportResultOutputID=4d7ad333effc42d0cb19d85a53225d88 DependenciesID=c491231a0d9cdca1f43bb121a00ab99b StaticDependenciesID=fe17a28cae4fa253e8a767baec8eff55 
Number of updated asset objects reloaded before import = 0Number of asset objects unloaded after import = 31

========================================================================
Received Import Request.
  Time since last request: 0.000015 seconds.
  path: Assets/Ultimate Impact Fx/SourceFiles/PNG/Impact_water_0.png
  importAddress: Guid(4db0d8dda296c22458cd3f57c822c1a7) Importer(2089858483,b0f066a214c2f5e87bad3c948f4d605d)
Start importing Assets/Ultimate Impact Fx/SourceFiles/PNG/Impact_water_0.png using Guid(4db0d8dda296c22458cd3f57c822c1a7) Importer(2089858483,b0f066a214c2f5e87bad3c948f4d605d) (ScriptedImporter) -> (Import Result ID: 'f2286969bcc38c0395b61cc01c4f755a') in 0.0138846 seconds [static and dynamic dependencies]. Details - ImportResultOutputID=868cd6e29c2ff7faba8460b30cb749a9 DependenciesID=75a58887a2d341e3f07a858bd3bb8ef2 StaticDependenciesID=dc2fff78113d657a9ac7427784a10ca4 
Number of updated asset objects reloaded before import = 0Number of asset objects unloaded after import = 1

========================================================================
Received Import Request.
  Time since last request: 0.000015 seconds.
  path: Assets/Ultimate Impact Fx/Resources/Prefabs/Power_Impact_Poison_01.prefab
  importAddress: Guid(063d62228dbc7bd469811b9722fd2987) Importer(2089858483,b0f066a214c2f5e87bad3c948f4d605d)
Start importing Assets/Ultimate Impact Fx/Resources/Prefabs/Power_Impact_Poison_01.prefab using Guid(063d62228dbc7bd469811b9722fd2987) Importer(2089858483,b0f066a214c2f5e87bad3c948f4d605d) (ScriptedImporter) -> (Import Result ID: '71df6cf1d2b50f34695e3379d7149f51') in 0.0265971 seconds [static and dynamic dependencies]. Details - ImportResultOutputID=054b1ba3348a574d8e8da2a682206e23 DependenciesID=61b98e803a9948cab1f2b5828bac3aad StaticDependenciesID=19eb9472dbda71de888e1de8cbb6a959 
Number of updated asset objects reloaded before import = 0Number of asset objects unloaded after import = 27

========================================================================
Received Import Request.
  Time since last request: 0.000015 seconds.
  path: Assets/Ultimate Impact Fx/Resources/Prefabs/Power_Impact_Dark_01.prefab
  importAddress: Guid(07803db86ebc45340aea2f8fc45f4e4d) Importer(2089858483,b0f066a214c2f5e87bad3c948f4d605d)
Start importing Assets/Ultimate Impact Fx/Resources/Prefabs/Power_Impact_Dark_01.prefab using Guid(07803db86ebc45340aea2f8fc45f4e4d) Importer(2089858483,b0f066a214c2f5e87bad3c948f4d605d) (ScriptedImporter) -> (Import Result ID: '12f3f599cbbf2686ba1480501172775c') in 0.0256297 seconds [static and dynamic dependencies]. Details - ImportResultOutputID=b8d3696b295018200084ebf8cc525e66 DependenciesID=61f5744f34778c39464830bb48cfdc89 StaticDependenciesID=d64eb611357b963b7f20224d861e8a98 
Number of updated asset objects reloaded before import = 0Number of asset objects unloaded after import = 27

========================================================================
Received Import Request.
  Time since last request: 0.000012 seconds.
  path: Assets/Ultimate Impact Fx/SourceFiles/PNG/Impact_fire_1.png
  importAddress: Guid(25b8127c88b92264eae64f29127549b4) Importer(2089858483,b0f066a214c2f5e87bad3c948f4d605d)
Start importing Assets/Ultimate Impact Fx/SourceFiles/PNG/Impact_fire_1.png using Guid(25b8127c88b92264eae64f29127549b4) Importer(2089858483,b0f066a214c2f5e87bad3c948f4d605d) (ScriptedImporter) -> (Import Result ID: '7ca77446b24188411e1d77cec27ff572') in 0.0138462 seconds [static and dynamic dependencies]. Details - ImportResultOutputID=73e7198b4edf87641c411fd931472159 DependenciesID=867dfca88f0d1f1e6890fe9ef3c85954 StaticDependenciesID=858934b9242249384767faf1a9444194 
Number of updated asset objects reloaded before import = 0Number of asset objects unloaded after import = 1

========================================================================
Received Import Request.
  Time since last request: 0.000018 seconds.
  path: Assets/Ultimate Impact Fx/SourceFiles/PNG/Impact_4.png
  importAddress: Guid(ef0ef286a851eb04393c29784a73eb73) Importer(2089858483,b0f066a214c2f5e87bad3c948f4d605d)
Start importing Assets/Ultimate Impact Fx/SourceFiles/PNG/Impact_4.png using Guid(ef0ef286a851eb04393c29784a73eb73) Importer(2089858483,b0f066a214c2f5e87bad3c948f4d605d) (ScriptedImporter) -> (Import Result ID: '4d670513d5dee37a579f006b0db1cefa') in 0.0128389 seconds [static and dynamic dependencies]. Details - ImportResultOutputID=805496e8803de0d943a45e1db6956cbf DependenciesID=8f7e4dba7c1d6741bcc44b7d4635221b StaticDependenciesID=8a320d290d61eb7dd0d3d24d96fac8c6 
Number of updated asset objects reloaded before import = 0Number of asset objects unloaded after import = 1

========================================================================
Received Import Request.
  Time since last request: 0.000015 seconds.
  path: Assets/Ultimate Impact Fx/SourceFiles/PNG/Impact_10.png
  importAddress: Guid(69328754a7f0bb94e8a2d5e8b07382a7) Importer(2089858483,b0f066a214c2f5e87bad3c948f4d605d)
Start importing Assets/Ultimate Impact Fx/SourceFiles/PNG/Impact_10.png using Guid(69328754a7f0bb94e8a2d5e8b07382a7) Importer(2089858483,b0f066a214c2f5e87bad3c948f4d605d) (ScriptedImporter) -> (Import Result ID: 'ba0086efa549adf44516c97be7e60cdd') in 0.0123619 seconds [static and dynamic dependencies]. Details - ImportResultOutputID=42db214f0d2ad7e7cb7b770f5e504fe2 DependenciesID=9dc21bfb885e3f34eaefd253b3038008 StaticDependenciesID=ce010460c1b01b1f86e0fd13d6e09232 
Number of updated asset objects reloaded before import = 0Number of asset objects unloaded after import = 1

========================================================================
Received Import Request.
  Time since last request: 0.000054 seconds.
  path: Assets/Ultimate Impact Fx/SourceFiles/PNG/Impact_13.png
  importAddress: Guid(4e9a89104dba83a4fa033f6c18ab5a33) Importer(2089858483,b0f066a214c2f5e87bad3c948f4d605d)
Start importing Assets/Ultimate Impact Fx/SourceFiles/PNG/Impact_13.png using Guid(4e9a89104dba83a4fa033f6c18ab5a33) Importer(2089858483,b0f066a214c2f5e87bad3c948f4d605d) (ScriptedImporter) -> (Import Result ID: '82b280c7b8bf6ff44444a509afe3a48c') in 0.0125487 seconds [static and dynamic dependencies]. Details - ImportResultOutputID=2052f332137391dff847e736db16d7ce DependenciesID=18301d01f0e09ee2d64c79deba592d4a StaticDependenciesID=bfbc337a0957e038e8a9464d5d3970c7 
Number of updated asset objects reloaded before import = 0Number of asset objects unloaded after import = 1

========================================================================
Received Import Request.
  Time since last request: 0.000060 seconds.
  path: Assets/Ultimate Impact Fx/SourceFiles/PNG/Impact_Stretch_4.png
  importAddress: Guid(9938967da9a64bc42842491d2b5460f4) Importer(2089858483,b0f066a214c2f5e87bad3c948f4d605d)
Start importing Assets/Ultimate Impact Fx/SourceFiles/PNG/Impact_Stretch_4.png using Guid(9938967da9a64bc42842491d2b5460f4) Importer(2089858483,b0f066a214c2f5e87bad3c948f4d605d) (ScriptedImporter) -> (Import Result ID: '5cd2dfb9ec8e160afd8241c7ca63ef46') in 0.0114038 seconds [static and dynamic dependencies]. Details - ImportResultOutputID=27d5affc1f5365e7024783788fac072d DependenciesID=a76f803464eb4549e757e749f43fa12e StaticDependenciesID=f68106421d22cc46c736cbcc4f14ec1d 
Number of updated asset objects reloaded before import = 0Number of asset objects unloaded after import = 1

========================================================================
Received Import Request.
  Time since last request: 0.000055 seconds.
  path: Assets/Ultimate Impact Fx/Resources/Prefabs/Power_Impact_Fire_01.prefab
  importAddress: Guid(e7c3dfb1232818e459972d7e656276ce) Importer(2089858483,b0f066a214c2f5e87bad3c948f4d605d)
Start importing Assets/Ultimate Impact Fx/Resources/Prefabs/Power_Impact_Fire_01.prefab using Guid(e7c3dfb1232818e459972d7e656276ce) Importer(2089858483,b0f066a214c2f5e87bad3c948f4d605d) (ScriptedImporter) -> (Import Result ID: '66e8ba7b4550a1cabcd771f13e49b4f6') in 0.0223095 seconds [static and dynamic dependencies]. Details - ImportResultOutputID=19ef1165656bca04cb7af82942a316c8 DependenciesID=a47c00d399d0247e7126018c14a7fbfd StaticDependenciesID=5601179a380dc71c70bf037108b12f0e 
Number of updated asset objects reloaded before import = 0Number of asset objects unloaded after import = 27

========================================================================
Received Import Request.
  Time since last request: 0.000013 seconds.
  path: Assets/Ultimate Impact Fx/SourceFiles/PNG/Impact_12.png
  importAddress: Guid(6e49a51e51c3e3840ad5ef04726423ad) Importer(2089858483,b0f066a214c2f5e87bad3c948f4d605d)
Start importing Assets/Ultimate Impact Fx/SourceFiles/PNG/Impact_12.png using Guid(6e49a51e51c3e3840ad5ef04726423ad) Importer(2089858483,b0f066a214c2f5e87bad3c948f4d605d) (ScriptedImporter) -> (Import Result ID: '400cd2fbfa687d96ab4d3f79012350c2') in 0.0121506 seconds [static and dynamic dependencies]. Details - ImportResultOutputID=91ec0fec0326050cc7fec1966e6e5b08 DependenciesID=f1439f5a7b179672a3cc4446829d880a StaticDependenciesID=c15b8e9afafa086dfe612443e0475277 
Number of updated asset objects reloaded before import = 0Number of asset objects unloaded after import = 1

========================================================================
Received Import Request.
  Time since last request: 0.196411 seconds.
  path: Assets/Ultimate Impact Fx/SourceFiles/PSD/Impact_Stretched.psd
  importAddress: Guid(d8e4ca9caff128c409a8b712145f4b3a) Importer(2089858483,b0f066a214c2f5e87bad3c948f4d605d)
Start importing Assets/Ultimate Impact Fx/SourceFiles/PSD/Impact_Stretched.psd using Guid(d8e4ca9caff128c409a8b712145f4b3a) Importer(2089858483,b0f066a214c2f5e87bad3c948f4d605d) (ScriptedImporter) -> (Import Result ID: '7ac9d895f07d4d36fa15f45c574a9667') in 0.0118339 seconds [static and dynamic dependencies]. Details - ImportResultOutputID=1cfe9eaf5efd287486cd061a40364f6c DependenciesID=c61306ec10dba19970fed7a8d5d0c33d StaticDependenciesID=48588894f0aa1677097c3641c81d8856 
Number of updated asset objects reloaded before import = 0Number of asset objects unloaded after import = 1

Editor requested this worker to shutdown with reason: Scaling down because of idle timeout
AssetImportWorkerClient::OnTransportError - code=2 error=End of file
AssetImportWorker is now disconnected from the server
Process exiting
Exiting without the bug reporter. Application will terminate with return code 0