[Licensing::Module] Trying to connect to existing licensing client channel...
[Licensing::IpcConnector] Successfully connected to: "LicenseClient-심도진" at "2026-05-22T11:30:33.0296715Z"
Built from '6000.4/staging' branch; Version is '6000.4.8f1 (f8b72d3d7343) revision 16299821'; Using compiler version '194234433'; Build Type 'Release'
OS: 'Windows 11  (10.0.26200) Professional' Language: 'ko' Physical Memory: 65345 MB
BatchMode: 1, IsHumanControllingUs: 0, StartBugReporterOnCrash: 0, Is64bit: 1
System  architecture: x64
Process architecture: x64
Date: 2026-05-22T11:30:33Z

COMMAND LINE ARGUMENTS:
C:\Program Files\Unity\Hub\Editor\6000.4.8f1\Editor\Unity.exe
-adb2
-batchMode
-noUpm
-name
AssetImportWorker6
-projectPath
G:/hell/assets/vfx_impact/_unity_preview
-logFile
Logs/AssetImportWorker6.log
-srvPort
63838
-force-d3d12
-job-worker-count
15
-background-job-worker-count
8
-gc-helper-count
1
-name
AssetImport
Successfully changed project path to: G:/hell/assets/vfx_impact/_unity_preview
G:/hell/assets/vfx_impact/_unity_preview
[UnityMemory] Configuration Parameters - Can be set up in boot.config
    "memorysetup-temp-allocator-size-gi-baking-worker=262144"
    "memorysetup-temp-allocator-size-gi-baking-worker=262144"
    "memorysetup-temp-allocator-size-gi-baking-worker=262144"
    "memorysetup-temp-allocator-size-gi-baking-worker=262144"
    "memorysetup-temp-allocator-size-gi-baking-worker=262144"
    "memorysetup-temp-allocator-size-nav-mesh-worker=65536"
    "memorysetup-temp-allocator-size-audio-worker=65536"
    "memorysetup-temp-allocator-size-cloud-worker=32768"
    "memorysetup-temp-allocator-size-gfx=262144"
    "memorysetup-temp-allocator-size-preload-manager=33554432"
    "memorysetup-temp-allocator-size-job-worker=262144"
    "memorysetup-temp-allocator-size-background-worker=32768"
    "memorysetup-allocator-temp-initial-block-size-main=262144"
    "memorysetup-allocator-temp-initial-block-size-worker=262144"
    "memorysetup-bucket-allocator-granularity=16"
    "memorysetup-bucket-allocator-bucket-count=8"
    "memorysetup-bucket-allocator-block-size=33554432"
    "memorysetup-bucket-allocator-block-count=8"
    "memorysetup-main-allocator-block-size=16777216"
    "memorysetup-thread-allocator-block-size=16777216"
    "memorysetup-gfx-main-allocator-block-size=16777216"
    "memorysetup-gfx-thread-allocator-block-size=16777216"
    "memorysetup-cache-allocator-block-size=4194304"
    "memorysetup-typetree-allocator-block-size=2097152"
    "memorysetup-profiler-bucket-allocator-granularity=16"
    "memorysetup-profiler-bucket-allocator-bucket-count=8"
    "memorysetup-profiler-bucket-allocator-block-size=33554432"
    "memorysetup-profiler-bucket-allocator-block-count=8"
    "memorysetup-profiler-allocator-block-size=16777216"
    "memorysetup-profiler-editor-allocator-block-size=1048576"
    "memorysetup-temp-allocator-size-main=16777216"
    "memorysetup-job-temp-allocator-block-size=2097152"
    "memorysetup-job-temp-allocator-block-size-background=1048576"
    "memorysetup-job-temp-allocator-reduction-small-platforms=262144"
Player connection [42532]  Target information:

Player connection [42532]  * "[IP] 192.168.0.146 [Port] 0 [Flags] 2 [Guid] 1907824677 [EditorId] 1907824677 [Version] 1048832 [Id] WindowsEditor(7,DESKTOP-R2F12NG) [Debug] 1 [PackageName] WindowsEditor [ProjectName] Editor" 

Player connection [42532]  * "[IP] 192.168.79.1 [Port] 0 [Flags] 2 [Guid] 1907824677 [EditorId] 1907824677 [Version] 1048832 [Id] WindowsEditor(7,DESKTOP-R2F12NG) [Debug] 1 [PackageName] WindowsEditor [ProjectName] Editor" 

Player connection [42532]  * "[IP] 192.168.12.1 [Port] 0 [Flags] 2 [Guid] 1907824677 [EditorId] 1907824677 [Version] 1048832 [Id] WindowsEditor(7,DESKTOP-R2F12NG) [Debug] 1 [PackageName] WindowsEditor [ProjectName] Editor" 

Player connection [42532] Host joined multi-casting on [225.0.0.222:54997]...
Player connection [42532] Host joined alternative multi-casting on [225.0.0.222:34997]...
JobSystem: Creating JobQueue using job-worker-count value 15
Input System module state changed to: Initialized.
[Physics::Module] Initialized fallback backend.
[Physics::Module] Id: 0xdecafbad
Library Redirect Path: Library/
[Physics::Module] Selected backend.
[Physics::Module] Name: PhysX
[Physics::Module] Id: 0xf2b8ea05
[Physics::Module] SDK Version: 4.1.2
[Physics::Module] Integration Version: 1.0.0
[Physics::Module] Threading Mode: Multi-Threaded
Initialize engine version: 6000.4.8f1 (f8b72d3d7343)
[Subsystems] Discovering subsystems at path C:/Program Files/Unity/Hub/Editor/6000.4.8f1/Editor/Data/Resources/UnitySubsystems
[Subsystems] Discovering subsystems at path G:/hell/assets/vfx_impact/_unity_preview/Assets
Forcing GfxDevice: Direct3D 12
GfxDevice: creating device client; kGfxThreadingModeNonThreaded
d3d12: failed to query info queue interface (0x80004002).
Direct3D:
    Version:         Direct3D 12 [level 12.2]
    Renderer:        AMD Radeon RX 9070 XT (ID=0x7550)
    Vendor:          ATI
    VRAM:            16188 MB
    App VRAM Budget: 15416 MB
    Driver:          32.0.31007.5012
Initialize mono
Mono path[0] = 'C:/Program Files/Unity/Hub/Editor/6000.4.8f1/Editor/Data/Managed'
Mono path[1] = 'C:/Program Files/Unity/Hub/Editor/6000.4.8f1/Editor/Data/MonoBleedingEdge/lib/mono/unityjit-win32'
Mono config path = 'C:/Program Files/Unity/Hub/Editor/6000.4.8f1/Editor/Data/MonoBleedingEdge/etc'
Using monoOptions --debugger-agent=transport=dt_socket,embedding=1,server=y,suspend=n,address=127.0.0.1:56508
CodeReloadManager initialized
Begin MonoManager ReloadAssembly
[Licensing::Client] Error: HandshakeResponse reported an error:
	ResponseCode: 505
	ResponseStatus: Unsupported protocol version '1.18.1'.
[Licensing::Module] Error: Failed to handshake to channel: "LicenseClient-심도진"
[Licensing::IpcConnector] LicenseClient-심도진 channel disconnected successfully.
[Licensing::IpcConnector] Successfully connected to: "LicenseClient-심도진-6000.4.8" at "2026-05-22T11:30:34.9574817Z"
[Licensing::Client] Code 10 while verifying Licensing Client signature (process Id: 38676, path: "C:/Program Files/Unity/Hub/Editor/6000.4.8f1/Editor/Data/Resources/Licensing/Client/Unity.Licensing.Client.exe")
[Licensing::Module] LicensingClient has failed validation; ignoring
[Licensing::Client] Handshaking with LicensingClient:
  Version:                 1.18.1+9fbee8e
  Session Id:              8e9fea554cb445bca1a985f14cb7dc1f
  Correlation Id:          0482cfb5e4dd3217c90b0f8b540b775f
  External correlation Id: 5508449589640353297
  Machine Id:              jyS+85x8cRWB1xbIp+nfp4tj7nk=
[Licensing::Module] Successfully connected to LicensingClient on channel: "LicenseClient-심도진-6000.4.8" (connect: 0.00s, validation: 0.00s, handshake: 0.01s)
[Licensing::IpcConnector] Successfully connected to: "LicenseClient-심도진-6000.4.8-notifications" at "2026-05-22T11:30:34.9654926Z"
[Licensing::Module] Licensing Background thread has ended after 1.94s
Registering precompiled unity dll's ...
Register platform support module: C:/Program Files/Unity/Hub/Editor/6000.4.8f1/Editor/Data/PlaybackEngines/WebGLSupport/UnityEditor.WebGL.Extensions.dll
Register platform support module: C:/Program Files/Unity/Hub/Editor/6000.4.8f1/Editor/Data/PlaybackEngines/WindowsStandaloneSupport/UnityEditor.WindowsStandalone.Extensions.dll
Registered in 0.005575 seconds.
Native extension for WindowsStandalone target not found
Native extension for WebGL target not found
Package Manager log level set to [2]
[Package Manager] Failed to launch server process. Reason: Unity was launched with the -noUpm command-line argument
[Package Manager] Unable to send message (not connected to server process).
[Package Manager] Cannot connect to Unity Package Manager local server
ScheduleIndexationOnStartup MainProcess:False IndexOnStartup:True
Mono: successfully reloaded assembly
- Finished resetting the current domain, in  0.385 seconds
Domain Reload Profiling: 1058ms
	BeginReloadAssembly (240ms)
	RebuildCommonClasses (36ms)
	RebuildNativeTypeToScriptingClass (10ms)
	initialDomainReloadingComplete (136ms)
	LoadAllAssembliesAndSetupDomain (251ms)
		LoadAssemblies (226ms)
		AnalyzeDomain (241ms)
			TypeCache.Refresh (240ms)
				TypeCache.ScanAssembly (227ms)
	FinalizeReload (386ms)
		SetupLoadedEditorAssemblies (0ms)
			InitializePlatformSupportModulesInManaged (49ms)
			BeforeProcessingInitializeOnLoad (83ms)
			ProcessInitializeOnLoadAttributes (104ms)
			ProcessInitializeOnLoadMethodAttributes (88ms)
========================================================================
Worker process is ready to serve import requests
Import Worker Mode flag is 0x00
Begin MonoManager ReloadAssembly
[Licensing::Client] Successfully resolved entitlement details
[Licensing::Module] License group:
  Id: 14569722982794-UnityPersXXXX
  Product: Unity Personal
  Type: Assigned
  Expiration: Unlimited
Assembly Assembly-CSharp-Editor-firstpass.dll at Library/ScriptAssemblies/Assembly-CSharp-Editor-firstpass.dll not valid. Loading of assembly skipped.
Assembly Assembly-CSharp-Editor.dll at Library/ScriptAssemblies/Assembly-CSharp-Editor.dll not valid. Loading of assembly skipped.
Assembly Assembly-CSharp-firstpass.dll at Library/ScriptAssemblies/Assembly-CSharp-firstpass.dll not valid. Loading of assembly skipped.
Assembly Assembly-CSharp.dll at Library/ScriptAssemblies/Assembly-CSharp.dll not valid. Loading of assembly skipped.
Assembly Unity.Multiplayer.Center.Editor.Tests.dll at Library/ScriptAssemblies/Unity.Multiplayer.Center.Editor.Tests.dll not valid. Loading of assembly skipped.
Assembly Unity.Multiplayer.Center.Tests.dll at Library/ScriptAssemblies/Unity.Multiplayer.Center.Tests.dll not valid. Loading of assembly skipped.
Native extension for WindowsStandalone target not found
Native extension for WebGL target not found
[Package Manager] Failed to launch server process. Reason: Unity was launched with the -noUpm command-line argument
[Package Manager] Unable to send message (not connected to server process).
[Package Manager] Cannot connect to Unity Package Manager local server
ScheduleIndexationOnStartup MainProcess:False IndexOnStartup:True
Mono: successfully reloaded assembly
- Finished resetting the current domain, in  0.359 seconds
Domain Reload Profiling: 767ms
	BeginReloadAssembly (257ms)
		DisableScriptedObjects (5ms)
		CreateAndSetChildDomain (27ms)
	RebuildCommonClasses (41ms)
	RebuildNativeTypeToScriptingClass (11ms)
	initialDomainReloadingComplete (82ms)
	LoadAllAssembliesAndSetupDomain (15ms)
		LoadAssemblies (176ms)
		AnalyzeDomain (7ms)
			TypeCache.Refresh (5ms)
	FinalizeReload (361ms)
		SetupLoadedEditorAssemblies (0ms)
			InitializePlatformSupportModulesInManaged (3ms)
			BeforeProcessingInitializeOnLoad (97ms)
			ProcessInitializeOnLoadAttributes (86ms)
			ProcessInitializeOnLoadMethodAttributes (39ms)
			AfterProcessingInitializeOnLoad (17ms)
		AwakeInstancesAfterBackupRestoration (13ms)
Launched and connected shader compiler UnityShaderCompiler.exe after 0.01 seconds
Unloading 0 Unused Serialized files (Serialized files now loaded: 0)
Unloading 67 unused Assets / (30.3 KB). Loaded Objects now: 670.
Memory consumption went from 67.6 MB to 67.5 MB.
Total: 3.694000 ms (FindLiveObjects: 0.046700 ms CreateObjectMapping: 0.010100 ms MarkObjects: 3.530500 ms  DeleteObjects: 0.103300 ms)

========================================================================
Received Import Request.
  Time since last request: 104338.089922 seconds.
  path: Assets/Ultimate Impact Fx/Resources/Prefabs/GrMedium_Impact_09.prefab
  importAddress: Guid(f188b785d7542154eb58f24b8aea4145) Importer(2089858483,b0f066a214c2f5e87bad3c948f4d605d)
Start importing Assets/Ultimate Impact Fx/Resources/Prefabs/GrMedium_Impact_09.prefab using Guid(f188b785d7542154eb58f24b8aea4145) Importer(2089858483,b0f066a214c2f5e87bad3c948f4d605d) (ScriptedImporter) -> (Import Result ID: '568d96776585235d1eac3d21abe68cf7') in 0.1706324 seconds [static and dynamic dependencies]. Details - ImportResultOutputID=b0a00b1d89a98af78235bf12c0b98a81 DependenciesID=64291e3da0af06e98a915613e2d0ee34 StaticDependenciesID=0b0553fc4f6b5ec503e1c06cf390645c 
Number of updated asset objects reloaded before import = 0Number of asset objects unloaded after import = 27

========================================================================
Received Import Request.
  Time since last request: 0.000016 seconds.
  path: Assets/Ultimate Impact Fx/Resources/Prefabs/Basic_Impact_02.prefab
  importAddress: Guid(fdce206258b163148baf444399aa959a) Importer(2089858483,b0f066a214c2f5e87bad3c948f4d605d)
Start importing Assets/Ultimate Impact Fx/Resources/Prefabs/Basic_Impact_02.prefab using Guid(fdce206258b163148baf444399aa959a) Importer(2089858483,b0f066a214c2f5e87bad3c948f4d605d) (ScriptedImporter) -> (Import Result ID: '3231c9243a7d6835cd6ea98d78c0a347') in 0.029412 seconds [static and dynamic dependencies]. Details - ImportResultOutputID=4b998fb731769d06f922764daa474546 DependenciesID=71f6aa051c6871d4a6845eb5c503af68 StaticDependenciesID=3fd435f55cf4f8095188e68b36e00d94 
Number of updated asset objects reloaded before import = 0Number of asset objects unloaded after import = 19

========================================================================
Received Import Request.
  Time since last request: 0.000019 seconds.
  path: Assets/Ultimate Impact Fx/Materials/GroundImpact/GroundImpact_Add.mat
  importAddress: Guid(211c5578ab8c3994b9ea80510ab7d8fe) Importer(2089858483,b0f066a214c2f5e87bad3c948f4d605d)
Start importing Assets/Ultimate Impact Fx/Materials/GroundImpact/GroundImpact_Add.mat using Guid(211c5578ab8c3994b9ea80510ab7d8fe) Importer(2089858483,b0f066a214c2f5e87bad3c948f4d605d) (ScriptedImporter) -> (Import Result ID: 'cfbe161f95df85728fc3598157663977') in 0.0181275 seconds [static and dynamic dependencies]. Details - ImportResultOutputID=6e0459f1b9d17090bfc0a03da2ef5bdb DependenciesID=c7758f5a1c495a54b9cb08e0d1936b08 StaticDependenciesID=8f6b282e067710b5ba577a8a64446bc5 
Number of updated asset objects reloaded before import = 0Number of asset objects unloaded after import = 2

========================================================================
Received Import Request.
  Time since last request: 0.000028 seconds.
  path: Assets/Ultimate Impact Fx/Resources/Prefabs/GrBasic_Impact_11.prefab
  importAddress: Guid(ced2e016955668c4a9eae3757e9a38a0) Importer(2089858483,b0f066a214c2f5e87bad3c948f4d605d)
Start importing Assets/Ultimate Impact Fx/Resources/Prefabs/GrBasic_Impact_11.prefab using Guid(ced2e016955668c4a9eae3757e9a38a0) Importer(2089858483,b0f066a214c2f5e87bad3c948f4d605d) (ScriptedImporter) -> (Import Result ID: '8957696246c0b1e776912abd2fb4da24') in 0.02794 seconds [static and dynamic dependencies]. Details - ImportResultOutputID=8e9843afe44de50e91eb437594707a0a DependenciesID=06583be06abc8d06c045212771997ea5 StaticDependenciesID=f1e375c88a2e6f09ab4169047a56e94c 
Number of updated asset objects reloaded before import = 0Number of asset objects unloaded after import = 19

========================================================================
Received Import Request.
  Time since last request: 0.000019 seconds.
  path: Assets/Ultimate Impact Fx/Resources/Prefabs/Basic_Impact_11.prefab
  importAddress: Guid(5750196c336e1ec48aa41cd6faa7f22a) Importer(2089858483,b0f066a214c2f5e87bad3c948f4d605d)
Start importing Assets/Ultimate Impact Fx/Resources/Prefabs/Basic_Impact_11.prefab using Guid(5750196c336e1ec48aa41cd6faa7f22a) Importer(2089858483,b0f066a214c2f5e87bad3c948f4d605d) (ScriptedImporter) -> (Import Result ID: '705974149bdc47f12cf2439dc6de0274') in 0.0274067 seconds [static and dynamic dependencies]. Details - ImportResultOutputID=183903ba5c530c79831281dc478adb2e DependenciesID=0a17d7f9de66bd8b6746fdcc3a4233ec StaticDependenciesID=5a7277c5a6d2350287d7b6350f22765d 
Number of updated asset objects reloaded before import = 0Number of asset objects unloaded after import = 19

========================================================================
Received Import Request.
  Time since last request: 0.000017 seconds.
  path: Assets/Ultimate Impact Fx/Backdrop/Materials/BG_dark.png
  importAddress: Guid(ee8acbd5df2f9af4bb9551ace0eaf3cc) Importer(2089858483,b0f066a214c2f5e87bad3c948f4d605d)
Start importing Assets/Ultimate Impact Fx/Backdrop/Materials/BG_dark.png using Guid(ee8acbd5df2f9af4bb9551ace0eaf3cc) Importer(2089858483,b0f066a214c2f5e87bad3c948f4d605d) (ScriptedImporter) -> (Import Result ID: '074a08ea2cb9288f6da0ddf96ab784d2') in 0.0445435 seconds [static and dynamic dependencies]. Details - ImportResultOutputID=38f0430b931a1989f13f78587897084f DependenciesID=04a578cd251294eb8add21fb8f6affae StaticDependenciesID=abcc26af6a04df84faa0c3c83d0e15ac 
Number of updated asset objects reloaded before import = 0Number of asset objects unloaded after import = 1

========================================================================
Received Import Request.
  Time since last request: 0.000060 seconds.
  path: Assets/Ultimate Impact Fx/Resources/Prefabs/GrBasic_Impact_08.prefab
  importAddress: Guid(25a31e262bde508499e1d5c7770a2662) Importer(2089858483,b0f066a214c2f5e87bad3c948f4d605d)
Start importing Assets/Ultimate Impact Fx/Resources/Prefabs/GrBasic_Impact_08.prefab using Guid(25a31e262bde508499e1d5c7770a2662) Importer(2089858483,b0f066a214c2f5e87bad3c948f4d605d) (ScriptedImporter) -> (Import Result ID: 'ec0960bef9e413562457c5df463cfb0a') in 0.0283496 seconds [static and dynamic dependencies]. Details - ImportResultOutputID=add175b0234a7151333ce0a61bdcde83 DependenciesID=b911b06fc1107037fec9370113aff402 StaticDependenciesID=1cc774e37e8f7c8910d51f34e3bbc09d 
Number of updated asset objects reloaded before import = 0Number of asset objects unloaded after import = 19

========================================================================
Received Import Request.
  Time since last request: 0.000017 seconds.
  path: Assets/Ultimate Impact Fx/Backdrop/Backdrop.prefab
  importAddress: Guid(9443f578543b4454ea9f91cda927ede4) Importer(2089858483,b0f066a214c2f5e87bad3c948f4d605d)
Start importing Assets/Ultimate Impact Fx/Backdrop/Backdrop.prefab using Guid(9443f578543b4454ea9f91cda927ede4) Importer(2089858483,b0f066a214c2f5e87bad3c948f4d605d) (ScriptedImporter) -> (Import Result ID: '1a0f021b1550f9b15e9ae49e5ef68da1') in 0.010058 seconds [static and dynamic dependencies]. Details - ImportResultOutputID=87c7b6ba6c4e867d355825b10a587cb4 DependenciesID=9e4c9398c773c8b2ce5185f80f25d801 StaticDependenciesID=1e31712b7c858083a8547062764c78a5 
Number of updated asset objects reloaded before import = 0Number of asset objects unloaded after import = 11

========================================================================
Received Import Request.
  Time since last request: 0.000018 seconds.
  path: Assets/Ultimate Impact Fx/Resources/Prefabs/GrPower_Impact_Dark_02.prefab
  importAddress: Guid(5856f690978c0f740b17f75e027200d9) Importer(2089858483,b0f066a214c2f5e87bad3c948f4d605d)
Start importing Assets/Ultimate Impact Fx/Resources/Prefabs/GrPower_Impact_Dark_02.prefab using Guid(5856f690978c0f740b17f75e027200d9) Importer(2089858483,b0f066a214c2f5e87bad3c948f4d605d) (ScriptedImporter) -> (Import Result ID: 'b02dd50100e143ae68943925851d8551') in 0.0322991 seconds [static and dynamic dependencies]. Details - ImportResultOutputID=bacaa0dc07515582fd931f1d9182d382 DependenciesID=af5c9eee82fd06d4d4707c67d314988f StaticDependenciesID=4025c9c3517133fa9ce39b08234ce021 
Number of updated asset objects reloaded before import = 0Number of asset objects unloaded after import = 39

========================================================================
Received Import Request.
  Time since last request: 0.616064 seconds.
  path: Assets/Ultimate Impact Fx/Resources/Prefabs/GrPower_Impact_Ice_02.prefab
  importAddress: Guid(4035bf63165b45842822114ea8a38940) Importer(2089858483,b0f066a214c2f5e87bad3c948f4d605d)
Start importing Assets/Ultimate Impact Fx/Resources/Prefabs/GrPower_Impact_Ice_02.prefab using Guid(4035bf63165b45842822114ea8a38940) Importer(2089858483,b0f066a214c2f5e87bad3c948f4d605d) (ScriptedImporter) -> (Import Result ID: '17afefe25c6ea044bd917935210afe0d') in 0.0832011 seconds [static and dynamic dependencies]. Details - ImportResultOutputID=f7f7d9189940297aa91f3b42c42af4cf DependenciesID=d9dca8f62c6baba1293857ee028688e0 StaticDependenciesID=fa5c689a48a128398606703b78c9ac5f 
Number of updated asset objects reloaded before import = 0Number of asset objects unloaded after import = 39

========================================================================
Received Import Request.
  Time since last request: 0.000027 seconds.
  path: Assets/Ultimate Impact Fx/SourceFiles/PNG/Impact_Stretch_7.png
  importAddress: Guid(c5752545617363f4f8100402cebc8453) Importer(2089858483,b0f066a214c2f5e87bad3c948f4d605d)
Start importing Assets/Ultimate Impact Fx/SourceFiles/PNG/Impact_Stretch_7.png using Guid(c5752545617363f4f8100402cebc8453) Importer(2089858483,b0f066a214c2f5e87bad3c948f4d605d) (ScriptedImporter) -> (Import Result ID: 'cb67497d1f965cb8f69ccc5e019312d4') in 0.0137808 seconds [static and dynamic dependencies]. Details - ImportResultOutputID=895f5b4403c4c360a5c0215e8dc6272d DependenciesID=bf5f9e9826cbcd6c144e69a5de78118c StaticDependenciesID=3b3e4fc14b883c5dad33f5d87ea384e1 
Number of updated asset objects reloaded before import = 0Number of asset objects unloaded after import = 1

========================================================================
Received Import Request.
  Time since last request: 0.000024 seconds.
  path: Assets/Ultimate Impact Fx/SourceFiles/PNG/Impact_Stretch_10.png
  importAddress: Guid(5eece4a28d3e5f74494637c5877a429f) Importer(2089858483,b0f066a214c2f5e87bad3c948f4d605d)
Start importing Assets/Ultimate Impact Fx/SourceFiles/PNG/Impact_Stretch_10.png using Guid(5eece4a28d3e5f74494637c5877a429f) Importer(2089858483,b0f066a214c2f5e87bad3c948f4d605d) (ScriptedImporter) -> (Import Result ID: 'df3d2907852721726c639eb0f70e1911') in 0.0136773 seconds [static and dynamic dependencies]. Details - ImportResultOutputID=2cc5a009251f4b9448c585feb58f3597 DependenciesID=73b5b83fa061496bb6b791f5b4de3d12 StaticDependenciesID=8a6e235b818d928d064221294c1b8619 
Number of updated asset objects reloaded before import = 0Number of asset objects unloaded after import = 1

========================================================================
Received Import Request.
  Time since last request: 0.000023 seconds.
  path: Assets/Ultimate Impact Fx/Resources/Prefabs/Medium_Impact_08.prefab
  importAddress: Guid(c8d120ce6e4372c4fa370bdc1b99eb8c) Importer(2089858483,b0f066a214c2f5e87bad3c948f4d605d)
Start importing Assets/Ultimate Impact Fx/Resources/Prefabs/Medium_Impact_08.prefab using Guid(c8d120ce6e4372c4fa370bdc1b99eb8c) Importer(2089858483,b0f066a214c2f5e87bad3c948f4d605d) (ScriptedImporter) -> (Import Result ID: '07d502faf746641a2292b54ee9adf231') in 0.0257206 seconds [static and dynamic dependencies]. Details - ImportResultOutputID=c97b96fc84ac651885dbd217c1e5a9ac DependenciesID=b38a86edd43ca77e48d792153bbc315c StaticDependenciesID=f8945984cce2e4993e072cc1dcecbb03 
Number of updated asset objects reloaded before import = 0Number of asset objects unloaded after import = 23

========================================================================
Received Import Request.
  Time since last request: 0.000017 seconds.
  path: Assets/Ultimate Impact Fx/Resources/Prefabs/Power_Impact_Ice_01.prefab
  importAddress: Guid(40a2d244ca105004d9a5601fe8f47a7a) Importer(2089858483,b0f066a214c2f5e87bad3c948f4d605d)
Start importing Assets/Ultimate Impact Fx/Resources/Prefabs/Power_Impact_Ice_01.prefab using Guid(40a2d244ca105004d9a5601fe8f47a7a) Importer(2089858483,b0f066a214c2f5e87bad3c948f4d605d) (ScriptedImporter) -> (Import Result ID: 'b9f4f6ec960e93e97347312d5f4b872b') in 0.0248633 seconds [static and dynamic dependencies]. Details - ImportResultOutputID=0dfcd0d793723b68c1ba75738dc3989e DependenciesID=9097c712e8617a52bb841b2ff82579e6 StaticDependenciesID=06756715ce7971250c5fbf34f8f22484 
Number of updated asset objects reloaded before import = 0Number of asset objects unloaded after import = 27

========================================================================
Received Import Request.
  Time since last request: 0.000023 seconds.
  path: Assets/Ultimate Impact Fx/Resources/Prefabs/GrPower_Impact_Light_02.prefab
  importAddress: Guid(187ea2fc376a99f4ea8b1aa91f5c11f1) Importer(2089858483,b0f066a214c2f5e87bad3c948f4d605d)
Start importing Assets/Ultimate Impact Fx/Resources/Prefabs/GrPower_Impact_Light_02.prefab using Guid(187ea2fc376a99f4ea8b1aa91f5c11f1) Importer(2089858483,b0f066a214c2f5e87bad3c948f4d605d) (ScriptedImporter) -> (Import Result ID: 'b6e083bdcc39fd12a090e9a736817d85') in 0.0285758 seconds [static and dynamic dependencies]. Details - ImportResultOutputID=563d7084f4a7422aa587ab34d7db70a5 DependenciesID=68049a9c99e5343e2bf696101803e5c7 StaticDependenciesID=e752c1d1e3d9ee47d3388aaa4e909c67 
Number of updated asset objects reloaded before import = 0Number of asset objects unloaded after import = 39

========================================================================
Received Import Request.
  Time since last request: 0.000013 seconds.
  path: Assets/Ultimate Impact Fx/SourceFiles/PNG/Impact_Stretch_5.png
  importAddress: Guid(0b2a4ca2c75d42d40bd7f191dca652e5) Importer(2089858483,b0f066a214c2f5e87bad3c948f4d605d)
Start importing Assets/Ultimate Impact Fx/SourceFiles/PNG/Impact_Stretch_5.png using Guid(0b2a4ca2c75d42d40bd7f191dca652e5) Importer(2089858483,b0f066a214c2f5e87bad3c948f4d605d) (ScriptedImporter) -> (Import Result ID: '6f8e3d67e15071e2c7c40ae67a0423d7') in 0.0125595 seconds [static and dynamic dependencies]. Details - ImportResultOutputID=a0244942383fc4d6c964a2528df540da DependenciesID=640bb88d9ca2c19feffdee2ea9420c98 StaticDependenciesID=0653c9702f79ea4a74a63157d77de77c 
Number of updated asset objects reloaded before import = 0Number of asset objects unloaded after import = 1

========================================================================
Received Import Request.
  Time since last request: 0.000031 seconds.
  path: Assets/Ultimate Impact Fx/Resources/Prefabs/Power_Impact_Air_01.prefab
  importAddress: Guid(f0995e6392307004ba327ee28ad15bf2) Importer(2089858483,b0f066a214c2f5e87bad3c948f4d605d)
Start importing Assets/Ultimate Impact Fx/Resources/Prefabs/Power_Impact_Air_01.prefab using Guid(f0995e6392307004ba327ee28ad15bf2) Importer(2089858483,b0f066a214c2f5e87bad3c948f4d605d) (ScriptedImporter) -> (Import Result ID: 'f70e2291b18bacccbcffcdf947941f89') in 0.0252397 seconds [static and dynamic dependencies]. Details - ImportResultOutputID=299fa37797a0bf87ccf786b0328e80e0 DependenciesID=f746a8a09df858908eb5695c96bb1858 StaticDependenciesID=02cd4cccfa43397ccd998f6045f9f5ba 
Number of updated asset objects reloaded before import = 0Number of asset objects unloaded after import = 27

========================================================================
Received Import Request.
  Time since last request: 0.000012 seconds.
  path: Assets/Ultimate Impact Fx/SourceFiles/PNG/Impact_Stretch_1.png
  importAddress: Guid(2fe30f68d3d701d4cbec5bf883f1ae86) Importer(2089858483,b0f066a214c2f5e87bad3c948f4d605d)
Start importing Assets/Ultimate Impact Fx/SourceFiles/PNG/Impact_Stretch_1.png using Guid(2fe30f68d3d701d4cbec5bf883f1ae86) Importer(2089858483,b0f066a214c2f5e87bad3c948f4d605d) (ScriptedImporter) -> (Import Result ID: '78636aa79c621cf6051384c0e88e32a1') in 0.010887 seconds [static and dynamic dependencies]. Details - ImportResultOutputID=09787dca7ff62b5662bc3c6ccb332338 DependenciesID=4412e4f669d85fb8dc24b4279b025fb2 StaticDependenciesID=89513206baf425c98ffd7df8c18a5046 
Number of updated asset objects reloaded before import = 0Number of asset objects unloaded after import = 1

========================================================================
Received Import Request.
  Time since last request: 0.000036 seconds.
  path: Assets/Ultimate Impact Fx/SourceFiles/PNG/Impact_15.png
  importAddress: Guid(b16700a5ea642504486f0594ff964e92) Importer(2089858483,b0f066a214c2f5e87bad3c948f4d605d)
Start importing Assets/Ultimate Impact Fx/SourceFiles/PNG/Impact_15.png using Guid(b16700a5ea642504486f0594ff964e92) Importer(2089858483,b0f066a214c2f5e87bad3c948f4d605d) (ScriptedImporter) -> (Import Result ID: '6e80b901afc012c604f6a4a79e100abd') in 0.0123063 seconds [static and dynamic dependencies]. Details - ImportResultOutputID=641d57c6826d5830945e0048095a7629 DependenciesID=67ebd5e885480b6a39e4b358faa77df9 StaticDependenciesID=c99c802bcc4e0d97430c09816a0f4637 
Number of updated asset objects reloaded before import = 0Number of asset objects unloaded after import = 1

========================================================================
Received Import Request.
  Time since last request: 0.000073 seconds.
  path: Assets/Ultimate Impact Fx/SourceFiles/PNG/Impact_fire_3.png
  importAddress: Guid(329f7dd0ac7d05f4dbac3ddf9d853b2d) Importer(2089858483,b0f066a214c2f5e87bad3c948f4d605d)
Start importing Assets/Ultimate Impact Fx/SourceFiles/PNG/Impact_fire_3.png using Guid(329f7dd0ac7d05f4dbac3ddf9d853b2d) Importer(2089858483,b0f066a214c2f5e87bad3c948f4d605d) (ScriptedImporter) -> (Import Result ID: '29dfc93977f69bc5552288f1c0350eb1') in 0.0121889 seconds [static and dynamic dependencies]. Details - ImportResultOutputID=9f54e62ae2da8db2b6bd7be8bfc175c2 DependenciesID=a9364424c2dcde201a8949f2666de35f StaticDependenciesID=4543a5543119c2049615358899b1a7f6 
Number of updated asset objects reloaded before import = 0Number of asset objects unloaded after import = 1

========================================================================
Received Import Request.
  Time since last request: 0.000027 seconds.
  path: Assets/Ultimate Impact Fx/Resources/Prefabs/Medium_Impact_09.prefab
  importAddress: Guid(9ac79fd0d947b924380740d36bc38cd2) Importer(2089858483,b0f066a214c2f5e87bad3c948f4d605d)
Start importing Assets/Ultimate Impact Fx/Resources/Prefabs/Medium_Impact_09.prefab using Guid(9ac79fd0d947b924380740d36bc38cd2) Importer(2089858483,b0f066a214c2f5e87bad3c948f4d605d) (ScriptedImporter) -> (Import Result ID: 'bf47f063189f0ba7afc85fd5f0ee3778') in 0.0213939 seconds [static and dynamic dependencies]. Details - ImportResultOutputID=755c70c011c0276a52dc3d991c096fd3 DependenciesID=3731859695373c3f980688d9a1566328 StaticDependenciesID=a9c2792ed663f772789126bdfb48363c 
Number of updated asset objects reloaded before import = 0Number of asset objects unloaded after import = 23

========================================================================
Received Import Request.
  Time since last request: 0.000012 seconds.
  path: Assets/Ultimate Impact Fx/SourceFiles/PSD/ImpactWater_Sheet.psd
  importAddress: Guid(93d7895eb853b734fb7a565a025f9321) Importer(2089858483,b0f066a214c2f5e87bad3c948f4d605d)
Start importing Assets/Ultimate Impact Fx/SourceFiles/PSD/ImpactWater_Sheet.psd using Guid(93d7895eb853b734fb7a565a025f9321) Importer(2089858483,b0f066a214c2f5e87bad3c948f4d605d) (ScriptedImporter) -> (Import Result ID: '00ed11242dfa3aa43b5d50dd62096559') in 0.0101813 seconds [static and dynamic dependencies]. Details - ImportResultOutputID=ea0fad26180e7667cafd5876992afa32 DependenciesID=72eee479a3520e33d15f155ad79c3d49 StaticDependenciesID=6ce57c0a3ce952eca11f9799a48bef7d 
Number of updated asset objects reloaded before import = 0Number of asset objects unloaded after import = 1

========================================================================
Received Import Request.
  Time since last request: 0.000028 seconds.
  path: Assets/Ultimate Impact Fx/Resources/Prefabs/Medium_Impact_02.prefab
  importAddress: Guid(23a58ae3c2187ae43841e5d75ff84ada) Importer(2089858483,b0f066a214c2f5e87bad3c948f4d605d)
Start importing Assets/Ultimate Impact Fx/Resources/Prefabs/Medium_Impact_02.prefab using Guid(23a58ae3c2187ae43841e5d75ff84ada) Importer(2089858483,b0f066a214c2f5e87bad3c948f4d605d) (ScriptedImporter) -> (Import Result ID: '1ac4e6a4406764b4b754d5b29ba2252e') in 0.0218213 seconds [static and dynamic dependencies]. Details - ImportResultOutputID=b828f7330c72fec746204f55546c956c DependenciesID=4a3d3caff4cc54b52506ab3c44888edd StaticDependenciesID=282c288e3004cef7fafc0f2630193acb 
Number of updated asset objects reloaded before import = 0Number of asset objects unloaded after import = 23

========================================================================
Received Import Request.
  Time since last request: 0.179747 seconds.
  path: Assets/Ultimate Impact Fx/SourceFiles/PSD/Impact_Fire.psd
  importAddress: Guid(4decc7d5e3f11754bbe27dad19a51e65) Importer(2089858483,b0f066a214c2f5e87bad3c948f4d605d)
Start importing Assets/Ultimate Impact Fx/SourceFiles/PSD/Impact_Fire.psd using Guid(4decc7d5e3f11754bbe27dad19a51e65) Importer(2089858483,b0f066a214c2f5e87bad3c948f4d605d) (ScriptedImporter) -> (Import Result ID: 'e0b09fd236d68da2ac997c1cd3ee868c') in 0.0123064 seconds [static and dynamic dependencies]. Details - ImportResultOutputID=ff5ab0996d28cfedabb6a845baa8293a DependenciesID=dd61747412e4e6afbb89e7ff5ed740eb StaticDependenciesID=2ecf3ec367dbfa102a38e4c483de3520 
Number of updated asset objects reloaded before import = 0Number of asset objects unloaded after import = 1

Editor requested this worker to shutdown with reason: Scaling down because of idle timeout
AssetImportWorker is now disconnected from the server
Process exiting
Exiting without the bug reporter. Application will terminate with return code 0